/home/harold/hercsandi/bin/hercules -f /home/harold/SATKREPO/SATK/samples/textseg/fba/s370bc/s370bc.conf
07:48:46 HHC01413I Hercules version 4.00
07:48:46 HHC01414I (c) Copyright 1999-2012 by Roger Bowler, Jan Jaeger, and others
07:48:46 HHC01415I Built on May  3 2013 at 11:34:52
07:48:46 HHC01416I Build information:
07:48:46 HHC01417I Modes: S/370 ESA/390 z/Arch
07:48:46 HHC01417I Max CPU Engines: 8
07:48:46 HHC01417I Using   setresuid() for setting privileges
07:48:46 HHC01417I Using   POSIX threads Threading Model
07:48:46 HHC01417I Using   Error-Checking Mutex Locking Model
07:48:46 HHC01417I Using   HercIO
07:48:46 HHC01417I With    Syncio support
07:48:46 HHC01417I With    Dynamic loading support
07:48:46 HHC01417I Using   shared libraries
07:48:46 HHC01417I With    External GUI support
07:48:46 HHC01417I With    IPV6 support
07:48:46 HHC01417I With    HTTP Server support
07:48:46 HHC01417I With    sqrtl support
07:48:46 HHC01417I With    SIGABEND handler
07:48:46 HHC01417I With    CCKD BZIP2 support
07:48:46 HHC01417I With    HET BZIP2 support
07:48:46 HHC01417I With    ZLIB support
07:48:46 HHC01417I With    Regular Expressions support
07:48:46 HHC01417I With    Object REXX support
07:48:46 HHC01417I With    Regina REXX support
07:48:46 HHC01417I With    Automatic Operator support
07:48:46 HHC01417I With    National Language Support
07:48:46 HHC01417I Machine dependent assists: cmpxchg1 cmpxchg4 cmpxchg8
07:48:46 HHC01417I Running on dev Linux-2.6.27.56-0.1-defau. #1 SMP 2010-12-01 16:57:58 +0100, x86_64 MP=2
07:48:46 HHC00150I Crypto module loaded (c) Copyright 2003-2011 by Bernard van der Helm
07:48:46 HHC00151I Activated facility: Message Security Assist
07:48:46 HHC00151I Activated facility: Message Security Assist Extension 1, 2, 3 and 4
07:48:46 HHC00100I Thread id 7FC7C735D950, prio  0, name Timer started
07:48:46 HHC00100I Thread id 7FC7C745E950, prio 15, name Processor CP00 started
07:48:46 HHC00811I Processor CP00: architecture mode z/Arch
07:48:46 HHC00136W Error in function setenv(): cannot set CUU: Not thread safe--setting disabled
07:48:46 HHC01474I Using internal codepage conversion table default
07:48:46 HHC00507I 0:0200 FBA file /home/harold/SATKREPO/SATK/samples/textseg/fba/s370bc/textseg.3310: origin 0, blks 5
07:48:46 HHC00100I Thread id 7FC7CA7D66F0, prio  0, name Control panel started
07:48:46 HHC02260I Script 1: begin processing file /home/harold/SATKREPO/SATK/samples/textseg/fba/s370bc/s370bc.rc
07:48:46 HHC01603I archmode
07:48:46 HHC02203I archmode      : S/370
07:48:46 HHC01603I t+
07:48:46 HHC02229I Instruction tracing on 
07:48:46 HHC01603I t+0200
07:48:46 HHC02204I CCW trace for 0:0200 set to on
07:48:46 HHC01603I ipl 0200
07:48:46 HHC01315I 0:0200 CHAN: ccw 02000000 60000018
07:48:46 HHC00518I 0:0200 FBA file /home/harold/SATKREPO/SATK/samples/textseg/fba/s370bc/textseg.3310: read blkgrp 0 cache miss, using cache[0]
07:48:46 HHC00519I 0:0200 FBA file /home/harold/SATKREPO/SATK/samples/textseg/fba/s370bc/textseg.3310: read blkgrp 0 offset 0 len 2560
07:48:46 HHC01312I 0:0200 CHAN: stat 0C00, count 0000=>00000000 00002060 020022B0 40000200 .......-.... ...
07:48:46 HHC01315I 0:0200 CHAN: ccw 020022B0 40000200
07:48:46 HHC01312I 0:0200 CHAN: stat 0C00, count 0000=>00000000 00002060 020022B0 40000200 .......-.... ...
07:48:46 HHC01315I 0:0200 CHAN: ccw 080022D8 00000001
07:48:46 HHC01315I 0:0200 CHAN: ccw 430022C8 40000008=>06000001 00000004                   ........
07:48:46 HHC00520I 0:0200 FBA file /home/harold/SATKREPO/SATK/samples/textseg/fba/s370bc/textseg.3310: positioning to 0x800 2048
07:48:46 HHC01312I 0:0200 CHAN: stat 0C00, count 0000
07:48:46 HHC01315I 0:0200 CHAN: ccw 42002054 40000200
07:48:46 HHC01312I 0:0200 CHAN: stat 0C00, count 0000=>00000000 00000000 00000000 0DF09825 .............0q.
07:48:46 HHC01315I 0:0200 CHAN: ccw 430022D0 40000008=>06000002 00000002                   ........
07:48:46 HHC00520I 0:0200 FBA file /home/harold/SATKREPO/SATK/samples/textseg/fba/s370bc/textseg.3310: positioning to 0x400 1024
07:48:46 HHC01312I 0:0200 CHAN: stat 0C00, count 0000
07:48:46 HHC01315I 0:0200 CHAN: ccw 42000000 00000400
07:48:46 HHC01312I 0:0200 CHAN: stat 0C00, count 0000=>00000000 00002060 020022B0 40000200 .......-.... ...
07:48:46 HHC00811I Processor CP00: architecture mode S/370
07:48:46 PSW=0000020000002060 INST=0DF0         BASR  15,0                   branch_and_save_register
07:48:46 GR00=00000000 GR01=00000000 GR02=00000000 GR03=00000000
07:48:46 GR04=00000000 GR05=00000000 GR06=00000000 GR07=00000000
07:48:46 GR08=00000000 GR09=00000000 GR10=00000000 GR11=00000000
07:48:46 GR12=00000000 GR13=00000000 GR14=00000000 GR15=00000000
07:48:46 PSW=0000020000002062 INST=9825F016     LM    2,5,22(15)             load_multiple
07:48:46 R:00002078:K:06=00002088 00000000 00000015 00000000  ...h............
07:48:46 GR00=00000000 GR01=00000000 GR02=00000000 GR03=00000000
07:48:46 GR04=00000000 GR05=00000000 GR06=00000000 GR07=00000000
07:48:46 GR08=00000000 GR09=00000000 GR10=00000000 GR11=00000000
07:48:46 GR12=00000000 GR13=00000000 GR14=00000000 GR15=00002062
07:48:46 PSW=0000020080002066 INST=83240008     DIAG  2,4,8(0)               diagnose
07:48:46 R:00000008:K:06=020022B0 40000200 080022D8 00000001  .... ......Q....
07:48:46 GR00=00000000 GR01=00000000 GR02=00002088 GR03=00000000
07:48:46 GR04=00000015 GR05=00000000 GR06=00000000 GR07=00000000
07:48:46 GR08=00000000 GR09=00000000 GR10=00000000 GR11=00000000
07:48:46 GR12=00000000 GR13=00000000 GR14=00000000 GR15=00002062
07:48:46 Hello world
07:48:46 PSW=000002008000206A INST=1244         LTR   4,4                    load_and_test_register
07:48:46 GR00=00000000 GR01=00000000 GR02=00002088 GR03=00000000
07:48:46 GR04=00000000 GR05=00000000 GR06=00000000 GR07=00000000
07:48:46 GR08=00000000 GR09=00000000 GR10=00000000 GR11=00000000
07:48:46 GR12=00000000 GR13=00000000 GR14=00000000 GR15=00002062
07:48:46 PSW=000002008000206C INST=4780F012     BC    8,18(0,15)             branch_on_condition
07:48:46 R:00002074:K:06=8200F03E 00002088 00000000 00000015  b.0....h........
07:48:46 GR00=00000000 GR01=00000000 GR02=00002088 GR03=00000000
07:48:46 GR04=00000000 GR05=00000000 GR06=00000000 GR07=00000000
07:48:46 GR08=00000000 GR09=00000000 GR10=00000000 GR11=00000000
07:48:46 GR12=00000000 GR13=00000000 GR14=00000000 GR15=00002062
07:48:46 PSW=0000020080002074 INST=8200F03E     LPSW  62(15)                 load_program_status_word
07:48:46 R:000020A0:K:06=000A0000 00000000 000A0000 00000BAD  ...............[
07:48:46 GR00=00000000 GR01=00000000 GR02=00002088 GR03=00000000
07:48:46 GR04=00000000 GR05=00000000 GR06=00000000 GR07=00000000
07:48:46 GR08=00000000 GR09=00000000 GR10=00000000 GR11=00000000
07:48:46 GR12=00000000 GR13=00000000 GR14=00000000 GR15=00002062
07:48:46 HHC00800I Processor CP00: loaded wait state PSW 000A0000 00000000
07:48:46 HHC00809I Processor CP00: disabled wait state 000A0000 00000000
07:48:48 HHC01603I r 000.FF
07:48:48 HHC02290I R:00000000:K:06=00000200 00002060 020022B0 40000200  .......-.... ...
07:48:48 HHC02290I R:00000010:K:06=080022D8 00000001 00000000 00000000  ...Q............
07:48:48 HHC02290I R:00000020:K:06=00000000 00000000 00000000 00000000  ................
07:48:48 HHC02290I R:00000030:K:06=00000000 00000000 00000000 00000000  ................
07:48:48 HHC02290I R:00000040:K:06=00000000 00000000 00000000 00000000  ................
07:48:48 HHC02290I R:00000050:K:06=FFFDA5FD 00000000 000A0000 00000018  ..v.............
07:48:48 HHC02290I R:00000060:K:06=000A0000 00000020 000A0000 00000028  ................
07:48:48 HHC02290I R:00000070:K:06=000A0000 00000030 000A0000 00000038  ................
07:48:48 HHC02290I R:00000080:K:06=00000000 00000000 00000000 00000000  ................
07:48:48 HHC02290I R:00000090:K:06=00000000 00000000 00000000 00000000  ................
07:48:48 HHC02290I R:000000A0:K:06=00000000 00000000 00000000 00000000  ................
07:48:48 HHC02290I R:000000B0:K:06=00000000 00000000 00000000 00000000  ................
07:48:48 HHC02290I R:000000C0:K:06=00000000 00000000 00000000 00000000  ................
07:48:48 HHC02290I R:000000D0:K:06=00000000 00000000 00000000 00000000  ................
07:48:48 HHC02290I R:000000E0:K:06=00000000 00000000 00000000 00000000  ................
07:48:48 HHC02290I R:000000F0:K:06=00000000 00000000 00000000 00000000  ................
07:48:48 HHC01603I r 100.FF
07:48:48 HHC02290I R:00000100:K:06=00000000 00000000 00000000 00000000  ................
07:48:48 HHC02290I R:00000110:K:06=00000000 00000000 00000000 00000000  ................
07:48:48 HHC02290I R:00000120:K:06=00000000 00000000 00000000 00000000  ................
07:48:48 HHC02290I R:00000130:K:06=00000000 00000000 00000000 00000000  ................
07:48:48 HHC02290I R:00000140:K:06=00000000 00000000 00000000 00000000  ................
07:48:48 HHC02290I R:00000150:K:06=00000000 00000000 00000000 00000000  ................
07:48:48 HHC02290I R:00000160:K:06=00000000 00000000 00000000 00000000  ................
07:48:48 HHC02290I R:00000170:K:06=00000000 00000000 00000000 00000000  ................
07:48:48 HHC02290I R:00000180:K:06=00000000 00000000 00000000 00000000  ................
07:48:48 HHC02290I R:00000190:K:06=00000000 00000000 00000000 00000000  ................
07:48:48 HHC02290I R:000001A0:K:06=00020000 00000000 00000000 00000120  ................
07:48:48 HHC02290I R:000001B0:K:06=00020000 00000000 00000000 00000130  ................
07:48:48 HHC02290I R:000001C0:K:06=00020000 00000000 00000000 00000140  ............... 
07:48:48 HHC02290I R:000001D0:K:06=00020000 00000000 00000000 00000150  ...............&
07:48:48 HHC02290I R:000001E0:K:06=00020000 00000000 00000000 00000160  ...............-
07:48:48 HHC02290I R:000001F0:K:06=00020000 00000000 00000000 00000170  ................
07:48:48 HHC01603I r 200.FF
07:48:48 HHC02290I R:00000200:K:06=00000000 00000000 00000000 00000000  ................
07:48:48 HHC02290I R:00000210:K:06=00000000 00000000 00000000 00000000  ................
07:48:48 HHC02290I R:00000220:K:06=00000000 00000000 00000000 00000000  ................
07:48:48 HHC02290I R:00000230:K:06=00000000 00000000 00000000 00000000  ................
07:48:48 HHC02290I R:00000240:K:06=00000000 00000000 00000000 00002054  ................
07:48:48 HHC02290I R:00000250:K:06=000020B0 00000000 00000000 00000000  ................
07:48:48 HHC02290I R:00000260:K:06=00000000 00000000 00000000 00000000  ................
07:48:48 HHC02290I R:00000270:K:06=00000000 00000000 00000000 00000000  ................
07:48:48 HHC02290I R:00000280:K:06=00000000 00000000 00000000 00000000  ................
07:48:48 HHC02290I R:00000290:K:06=00000000 00000000 00000000 00000000  ................
07:48:48 HHC02290I R:000002A0:K:06=00000000 00000000 00000000 00000000  ................
07:48:48 HHC02290I R:000002B0:K:06=00000000 00000000 00000000 00000000  ................
07:48:48 HHC02290I R:000002C0:K:06=00000000 00000000 00000000 00000000  ................
07:48:48 HHC02290I R:000002D0:K:06=00000000 00000000 00000000 00000000  ................
07:48:48 HHC02290I R:000002E0:K:06=00000000 00000000 00000000 00000000  ................
07:48:48 HHC02290I R:000002F0:K:06=00000000 00000000 00000000 00000000  ................
07:48:48 HHC01603I r 300.FF
07:48:48 HHC02290I R:00000300:K:06=00000000 00000000 00000000 00000000  ................
07:48:48 HHC02290I R:00000310:K:06=00000000 00000000 00000000 00000000  ................
07:48:48 HHC02290I R:00000320:K:06=00000000 00000000 00000000 00000000  ................
07:48:48 HHC02290I R:00000330:K:06=00000000 00000000 00000000 00000000  ................
07:48:48 HHC02290I R:00000340:K:06=00000000 00000000 00000000 00000000  ................
07:48:48 HHC02290I R:00000350:K:06=00000000 00000000 00000000 00000000  ................
07:48:48 HHC02290I R:00000360:K:06=00000000 00000000 00000000 00000000  ................
07:48:48 HHC02290I R:00000370:K:06=00000000 00000000 00000000 00000000  ................
07:48:48 HHC02290I R:00000380:K:06=00000000 00000000 00000000 00000000  ................
07:48:48 HHC02290I R:00000390:K:06=00000000 00000000 00000000 00000000  ................
07:48:48 HHC02290I R:000003A0:K:06=00000000 00000000 00000000 00000000  ................
07:48:48 HHC02290I R:000003B0:K:06=00000000 00000000 00000000 00000000  ................
07:48:48 HHC02290I R:000003C0:K:06=00000000 00000000 00000000 00000000  ................
07:48:48 HHC02290I R:000003D0:K:06=00000000 00000000 00000000 00000000  ................
07:48:48 HHC02290I R:000003E0:K:06=00000000 00000000 00000000 00000000  ................
07:48:48 HHC02290I R:000003F0:K:06=00000000 00000000 00000000 00000000  ................
07:48:48 HHC01603I r 400.FF
07:48:48 HHC02290I R:00000400:K:06=00000000 00000000 00000000 00000000  ................
07:48:48 HHC02290I R:00000410:K:06=00000000 00000000 00000000 00000000  ................
07:48:48 HHC02290I R:00000420:K:06=00000000 00000000 00000000 00000000  ................
07:48:48 HHC02290I R:00000430:K:06=00000000 00000000 00000000 00000000  ................
07:48:48 HHC02290I R:00000440:K:06=00000000 00000000 00000000 00000000  ................
07:48:48 HHC02290I R:00000450:K:06=00000000 00000000 00000000 00000000  ................
07:48:48 HHC02290I R:00000460:K:06=00000000 00000000 00000000 00000000  ................
07:48:48 HHC02290I R:00000470:K:06=00000000 00000000 00000000 00000000  ................
07:48:48 HHC02290I R:00000480:K:06=00000000 00000000 00000000 00000000  ................
07:48:48 HHC02290I R:00000490:K:06=00000000 00000000 00000000 00000000  ................
07:48:48 HHC02290I R:000004A0:K:06=00000000 00000000 00000000 00000000  ................
07:48:48 HHC02290I R:000004B0:K:06=00000000 00000000 00000000 00000000  ................
07:48:48 HHC02290I R:000004C0:K:06=00000000 00000000 00000000 00000000  ................
07:48:48 HHC02290I R:000004D0:K:06=00000000 00000000 00000000 00000000  ................
07:48:48 HHC02290I R:000004E0:K:06=00000000 00000000 00000000 00000000  ................
07:48:48 HHC02290I R:000004F0:K:06=00000000 00000000 00000000 00000000  ................
07:48:48 HHC01603I r 500.FF
07:48:48 HHC02290I R:00000500:K:06=00000000 00000000 00000000 00000000  ................
07:48:48 HHC02290I R:00000510:K:06=00000000 00000000 00000000 00000000  ................
07:48:48 HHC02290I R:00000520:K:06=00000000 00000000 00000000 00000000  ................
07:48:48 HHC02290I R:00000530:K:06=00000000 00000000 00000000 00000000  ................
07:48:48 HHC02290I R:00000540:K:06=00000000 00000000 00000000 00000000  ................
07:48:48 HHC02290I R:00000550:K:06=00000000 00000000 00000000 00000000  ................
07:48:48 HHC02290I R:00000560:K:06=00000000 00000000 00000000 00000000  ................
07:48:48 HHC02290I R:00000570:K:06=00000000 00000000 00000000 00000000  ................
07:48:48 HHC02290I R:00000580:K:06=00000000 00000000 00000000 00000000  ................
07:48:48 HHC02290I R:00000590:K:06=00000000 00000000 00000000 00000000  ................
07:48:48 HHC02290I R:000005A0:K:06=00000000 00000000 00000000 00000000  ................
07:48:48 HHC02290I R:000005B0:K:06=00000000 00000000 00000000 00000000  ................
07:48:48 HHC02290I R:000005C0:K:06=00000000 00000000 00000000 00000000  ................
07:48:48 HHC02290I R:000005D0:K:06=00000000 00000000 00000000 00000000  ................
07:48:48 HHC02290I R:000005E0:K:06=00000000 00000000 00000000 00000000  ................
07:48:48 HHC02290I R:000005F0:K:06=00000000 00000000 00000000 00000000  ................
07:48:48 HHC01603I r 600.FF
07:48:48 HHC02290I R:00000600:K:06=00000000 00000000 00000000 00000000  ................
07:48:48 HHC02290I R:00000610:K:06=00000000 00000000 00000000 00000000  ................
07:48:48 HHC02290I R:00000620:K:06=00000000 00000000 00000000 00000000  ................
07:48:48 HHC02290I R:00000630:K:06=00000000 00000000 00000000 00000000  ................
07:48:48 HHC02290I R:00000640:K:06=00000000 00000000 00000000 00000000  ................
07:48:48 HHC02290I R:00000650:K:06=00000000 00000000 00000000 00000000  ................
07:48:48 HHC02290I R:00000660:K:06=00000000 00000000 00000000 00000000  ................
07:48:48 HHC02290I R:00000670:K:06=00000000 00000000 00000000 00000000  ................
07:48:48 HHC02290I R:00000680:K:06=00000000 00000000 00000000 00000000  ................
07:48:48 HHC02290I R:00000690:K:06=00000000 00000000 00000000 00000000  ................
07:48:48 HHC02290I R:000006A0:K:06=00000000 00000000 00000000 00000000  ................
07:48:48 HHC02290I R:000006B0:K:06=00000000 00000000 00000000 00000000  ................
07:48:48 HHC02290I R:000006C0:K:06=00000000 00000000 00000000 00000000  ................
07:48:48 HHC02290I R:000006D0:K:06=00000000 00000000 00000000 00000000  ................
07:48:48 HHC02290I R:000006E0:K:06=00000000 00000000 00000000 00000000  ................
07:48:48 HHC02290I R:000006F0:K:06=00000000 00000000 00000000 00000000  ................
07:48:48 HHC01603I r 2000.FF
07:48:48 HHC02290I R:00002000:K:06=00000000 00000000 00000000 00000000  ................
07:48:48 HHC02290I R:00002010:K:06=00000000 00000000 00000000 00000000  ................
07:48:48 HHC02290I R:00002020:K:06=00000000 00000000 00000000 00000000  ................
07:48:48 HHC02290I R:00002030:K:06=00000000 00000000 00000000 00000000  ................
07:48:48 HHC02290I R:00002040:K:06=00000000 00000000 00000000 00000000  ................
07:48:48 HHC02290I R:00002050:K:06=00000000 00000000 00000000 00000000  ................
07:48:48 HHC02290I R:00002060:K:06=0DF09825 F0168324 00081244 4780F012  .0q.0.c.......0.
07:48:48 HHC02290I R:00002070:K:06=8200F046 8200F03E 00002088 00000000  b.0.b.0....h....
07:48:48 HHC02290I R:00002080:K:06=00000015 00000000 D4E2C7D5 D6C84040  ........MSGNOH  
07:48:48 HHC02290I R:00002090:K:06=5C40C885 93939640 A6969993 84070707  * Hello world...
07:48:48 HHC02290I R:000020A0:K:06=000A0000 00000000 000A0000 00000BAD  ...............[
07:48:48 HHC02290I R:000020B0:K:06=00000000 00000000 00000000 00000000  ................
07:48:48 HHC02290I R:000020C0:K:06=00000000 00000000 00000000 00000000  ................
07:48:48 HHC02290I R:000020D0:K:06=00000000 00000000 00000000 00000000  ................
07:48:48 HHC02290I R:000020E0:K:06=00000000 00000000 00000000 00000000  ................
07:48:48 HHC02290I R:000020F0:K:06=00000000 00000000 00000000 00000000  ................
07:48:48 HHC01603I r 2100.FF
07:48:48 HHC02290I R:00002100:K:06=00000000 00000000 00000000 00000000  ................
07:48:48 HHC02290I R:00002110:K:06=00000000 00000000 00000000 00000000  ................
07:48:48 HHC02290I R:00002120:K:06=00000000 00000000 00000000 00000000  ................
07:48:48 HHC02290I R:00002130:K:06=00000000 00000000 00000000 00000000  ................
07:48:48 HHC02290I R:00002140:K:06=00000000 00000000 00000000 00000000  ................
07:48:48 HHC02290I R:00002150:K:06=00000000 00000000 00000000 00000000  ................
07:48:48 HHC02290I R:00002160:K:06=00000000 00000000 00000000 00000000  ................
07:48:48 HHC02290I R:00002170:K:06=00000000 00000000 00000000 00000000  ................
07:48:48 HHC02290I R:00002180:K:06=00000000 00000000 00000000 00000000  ................
07:48:48 HHC02290I R:00002190:K:06=00000000 00000000 00000000 00000000  ................
07:48:48 HHC02290I R:000021A0:K:06=00000000 00000000 00000000 00000000  ................
07:48:48 HHC02290I R:000021B0:K:06=00000000 00000000 00000000 00000000  ................
07:48:48 HHC02290I R:000021C0:K:06=00000000 00000000 00000000 00000000  ................
07:48:48 HHC02290I R:000021D0:K:06=00000000 00000000 00000000 00000000  ................
07:48:48 HHC02290I R:000021E0:K:06=00000000 00000000 00000000 00000000  ................
07:48:48 HHC02290I R:000021F0:K:06=00000000 00000000 00000000 00000000  ................
07:48:48 HHC01603I r 2200.FF
07:48:48 HHC02290I R:00002200:K:06=00000000 00000000 00000000 00000000  ................
07:48:48 HHC02290I R:00002210:K:06=00000000 00000000 00000000 00000000  ................
07:48:48 HHC02290I R:00002220:K:06=00000000 00000000 00000000 00000000  ................
07:48:48 HHC02290I R:00002230:K:06=00000000 00000000 00000000 00000000  ................
07:48:48 HHC02290I R:00002240:K:06=00000000 00000000 00000000 00000000  ................
07:48:48 HHC02290I R:00002250:K:06=00000000 00000000 00000000 00000000  ................
07:48:48 HHC02290I R:00002260:K:06=00000000 00000000 00000000 00000000  ................
07:48:48 HHC02290I R:00002270:K:06=00000000 00000000 00000000 00000000  ................
07:48:48 HHC02290I R:00002280:K:06=00000000 00000000 00000000 00000000  ................
07:48:48 HHC02290I R:00002290:K:06=00000000 00000000 00000000 00000000  ................
07:48:48 HHC02290I R:000022A0:K:06=00000000 00000000 00000000 00000000  ................
07:48:48 HHC02290I R:000022B0:K:06=00000000 00002060 020022B0 40000200  .......-.... ...
07:48:48 HHC02290I R:000022C0:K:06=080022D8 00000001 06000001 00000004  ...Q............
07:48:48 HHC02290I R:000022D0:K:06=06000002 00000002 430022C8 40000008  ...........H ...
07:48:48 HHC02290I R:000022E0:K:06=42002054 40000200 430022D0 40000008  .... ......} ...
07:48:48 HHC02290I R:000022F0:K:06=42000000 00000400 00000000 00000000  ................
07:48:48 HHC01603I r 2300.FF
07:48:48 HHC02290I R:00002300:K:06=00000000 00000000 00000000 00000000  ................
07:48:48 HHC02290I R:00002310:K:06=00000000 00000000 00000000 00000000  ................
07:48:48 HHC02290I R:00002320:K:06=00000000 00000000 00000000 00000000  ................
07:48:48 HHC02290I R:00002330:K:06=00000000 00000000 00000000 00000000  ................
07:48:48 HHC02290I R:00002340:K:06=00000000 00000000 00000000 00000000  ................
07:48:48 HHC02290I R:00002350:K:06=00000000 00000000 00000000 00000000  ................
07:48:48 HHC02290I R:00002360:K:06=00000000 00000000 00000000 00000000  ................
07:48:48 HHC02290I R:00002370:K:06=00000000 00000000 00000000 00000000  ................
07:48:48 HHC02290I R:00002380:K:06=00000000 00000000 00000000 00000000  ................
07:48:48 HHC02290I R:00002390:K:06=00000000 00000000 00000000 00000000  ................
07:48:48 HHC02290I R:000023A0:K:06=00000000 00000000 00000000 00000000  ................
07:48:48 HHC02290I R:000023B0:K:06=00000000 00000000 00000000 00000000  ................
07:48:48 HHC02290I R:000023C0:K:06=00000000 00000000 00000000 00000000  ................
07:48:48 HHC02290I R:000023D0:K:06=00000000 00000000 00000000 00000000  ................
07:48:48 HHC02290I R:000023E0:K:06=00000000 00000000 00000000 00000000  ................
07:48:48 HHC02290I R:000023F0:K:06=00000000 00000000 00000000 00000000  ................
07:48:48 HHC02264I Script 1: file /home/harold/SATKREPO/SATK/samples/textseg/fba/s370bc/s370bc.rc processing ended
07:48:52 HHC01603I quit
07:48:52 HHC01420I Begin Hercules shutdown
07:48:52 HHC01423I Calling termination routines
07:48:52 HHC00101I Thread id 7FC7C735D950, prio  0, name Timer ended
07:48:52 HHC02272I Highest observed MIPS and IO/s rates
07:48:52 HHC02272I   from Sun Jun 16 00:00:00 2013
07:48:52 HHC02272I     to Sun Jun 16 07:48:52 2013
07:48:52 HHC02272I   MIPS: 0.00  IO/s: 0
07:48:52 HHC00101I Thread id 7FC7C745E950, prio 15, name Processor CP00 ended
07:48:52 HHC01465I 0:001F device detached
07:48:52 HHC01465I 0:0200 device detached
07:48:52 HHC01427I Main storage released
07:48:52 HHC01427I Expanded storage released
07:48:52 HHC01422I Configuration released
07:48:52 HHC01424I All termination routines complete
07:48:52 HHC01425I Hercules shutdown complete
07:48:52 HHC00101I Thread id 7FC7CA7D66F0, prio  0, name Control panel ended
07:48:52 HHC02103I Logger: logger thread terminating
