/home/harold/hercsandi/bin/hercules -f /home/harold/SATKREPO/SATK/samples/iplelf/fba/s390/s390.conf
14:31:07 HHC01413I Hercules version 4.00
14:31:07 HHC01414I (c) Copyright 1999-2012 by Roger Bowler, Jan Jaeger, and others
14:31:07 HHC01415I Built on May  3 2013 at 11:34:52
14:31:07 HHC01416I Build information:
14:31:07 HHC01417I Modes: S/370 ESA/390 z/Arch
14:31:07 HHC01417I Max CPU Engines: 8
14:31:07 HHC01417I Using   setresuid() for setting privileges
14:31:07 HHC01417I Using   POSIX threads Threading Model
14:31:07 HHC01417I Using   Error-Checking Mutex Locking Model
14:31:07 HHC01417I Using   HercIO
14:31:07 HHC01417I With    Syncio support
14:31:07 HHC01417I With    Dynamic loading support
14:31:07 HHC01417I Using   shared libraries
14:31:07 HHC01417I With    External GUI support
14:31:07 HHC01417I With    IPV6 support
14:31:07 HHC01417I With    HTTP Server support
14:31:07 HHC01417I With    sqrtl support
14:31:07 HHC01417I With    SIGABEND handler
14:31:07 HHC01417I With    CCKD BZIP2 support
14:31:07 HHC01417I With    HET BZIP2 support
14:31:07 HHC01417I With    ZLIB support
14:31:07 HHC01417I With    Regular Expressions support
14:31:07 HHC01417I With    Object REXX support
14:31:07 HHC01417I With    Regina REXX support
14:31:07 HHC01417I With    Automatic Operator support
14:31:07 HHC01417I With    National Language Support
14:31:07 HHC01417I Machine dependent assists: cmpxchg1 cmpxchg4 cmpxchg8
14:31:07 HHC01417I Running on dev Linux-2.6.27.56-0.1-defau. #1 SMP 2010-12-01 16:57:58 +0100, x86_64 MP=2
14:31:07 HHC00150I Crypto module loaded (c) Copyright 2003-2011 by Bernard van der Helm
14:31:07 HHC00151I Activated facility: Message Security Assist
14:31:07 HHC00151I Activated facility: Message Security Assist Extension 1, 2, 3 and 4
14:31:07 HHC00100I Thread id 7FC438FA6950, prio  0, name Timer started
14:31:07 HHC00100I Thread id 7FC4390A7950, prio 15, name Processor CP00 started
14:31:07 HHC00811I Processor CP00: architecture mode z/Arch
14:31:07 HHC00136W Error in function setenv(): cannot set CUU: Not thread safe--setting disabled
14:31:07 HHC01474I Using internal codepage conversion table default
14:31:07 HHC00507I 0:0200 FBA file /home/harold/SATKREPO/SATK/samples/iplelf/fba/s390/iplelf.3310: origin 0, blks 6
14:31:07 HHC00100I Thread id 7FC43C41F6F0, prio  0, name Control panel started
14:31:08 HHC02260I Script 1: begin processing file /home/harold/SATKREPO/SATK/samples/iplelf/fba/s390/s390.rc
14:31:08 HHC01603I archmode
14:31:08 HHC02203I archmode      : ESA/390
14:31:08 HHC01603I t+
14:31:08 HHC02229I Instruction tracing on 
14:31:08 HHC01603I t+0200
14:31:08 HHC02204I CCW trace for 0:0200 set to on
14:31:08 HHC01603I ipl 0200
14:31:08 HHC01315I 0:0200 CHAN: ccw 02000000 60000018
14:31:08 HHC00518I 0:0200 FBA file /home/harold/SATKREPO/SATK/samples/iplelf/fba/s390/iplelf.3310: read blkgrp 0 cache miss, using cache[0]
14:31:08 HHC00519I 0:0200 FBA file /home/harold/SATKREPO/SATK/samples/iplelf/fba/s390/iplelf.3310: read blkgrp 0 offset 0 len 3072
14:31:08 HHC01312I 0:0200 CHAN: stat 0C00, count 0000=>00080000 80002060 020024B8 40000200 .......-.... ...
14:31:08 HHC01315I 0:0200 CHAN: ccw 020024B8 40000200
14:31:08 HHC01312I 0:0200 CHAN: stat 0C00, count 0000=>00080000 80002060 020024B8 40000200 .......-.... ...
14:31:08 HHC01315I 0:0200 CHAN: ccw 080024E0 00000001
14:31:08 HHC01315I 0:0200 CHAN: ccw 430024D0 40000008=>06000002 00000004                   ........
14:31:08 HHC00520I 0:0200 FBA file /home/harold/SATKREPO/SATK/samples/iplelf/fba/s390/iplelf.3310: positioning to 0x800 2048
14:31:08 HHC01312I 0:0200 CHAN: stat 0C00, count 0000
14:31:08 HHC01315I 0:0200 CHAN: ccw 42002000 40000400
14:31:08 HHC01312I 0:0200 CHAN: stat 0C00, count 0000=>7F454C46 01020100 00000000 00000000 ".<.............
14:31:08 HHC01315I 0:0200 CHAN: ccw 430024D8 40000008=>06000002 00000002                   ........
14:31:08 HHC00520I 0:0200 FBA file /home/harold/SATKREPO/SATK/samples/iplelf/fba/s390/iplelf.3310: positioning to 0x400 1024
14:31:08 HHC01312I 0:0200 CHAN: stat 0C00, count 0000
14:31:08 HHC01315I 0:0200 CHAN: ccw 42000000 00000400
14:31:08 HHC01312I 0:0200 CHAN: stat 0C00, count 0000=>00080000 80002060 020024B8 40000200 .......-.... ...
14:31:08 HHC00811I Processor CP00: architecture mode ESA/390
14:31:08 PSW=0008000080002060 INST=0DF0         BASR  15,0                   branch_and_save_register
14:31:08 GR00=00000000 GR01=00000000 GR02=00000000 GR03=00000000
14:31:08 GR04=00000000 GR05=00000000 GR06=00000000 GR07=00000000
14:31:08 GR08=00000000 GR09=00000000 GR10=00000000 GR11=00000000
14:31:08 GR12=00000000 GR13=00000000 GR14=00000000 GR15=00000000
14:31:08 PSW=0008000080002062 INST=9825F016     LM    2,5,22(15)             load_multiple
14:31:08 R:00002078:K:06=00002088 00000000 00000015 00000000  ...h............
14:31:08 GR00=00000000 GR01=00000000 GR02=00000000 GR03=00000000
14:31:08 GR04=00000000 GR05=00000000 GR06=00000000 GR07=00000000
14:31:08 GR08=00000000 GR09=00000000 GR10=00000000 GR11=00000000
14:31:08 GR12=00000000 GR13=00000000 GR14=00000000 GR15=80002062
14:31:08 PSW=0008000080002066 INST=83240008     DIAG  2,4,8(0)               diagnose
14:31:08 R:00000008:K:06=020024B8 40000200 080024E0 00000001  .... ......\....
14:31:08 GR00=00000000 GR01=00000000 GR02=00002088 GR03=00000000
14:31:08 GR04=00000015 GR05=00000000 GR06=00000000 GR07=00000000
14:31:08 GR08=00000000 GR09=00000000 GR10=00000000 GR11=00000000
14:31:08 GR12=00000000 GR13=00000000 GR14=00000000 GR15=80002062
14:31:08 Hello world
14:31:08 PSW=000800008000206A INST=1244         LTR   4,4                    load_and_test_register
14:31:08 GR00=00000000 GR01=00000000 GR02=00002088 GR03=00000000
14:31:08 GR04=00000000 GR05=00000000 GR06=00000000 GR07=00000000
14:31:08 GR08=00000000 GR09=00000000 GR10=00000000 GR11=00000000
14:31:08 GR12=00000000 GR13=00000000 GR14=00000000 GR15=80002062
14:31:08 PSW=000800008000206C INST=4780F012     BC    8,18(0,15)             branch_on_condition
14:31:08 R:00002074:K:06=8200F03E 00002088 00000000 00000015  b.0....h........
14:31:08 GR00=00000000 GR01=00000000 GR02=00002088 GR03=00000000
14:31:08 GR04=00000000 GR05=00000000 GR06=00000000 GR07=00000000
14:31:08 GR08=00000000 GR09=00000000 GR10=00000000 GR11=00000000
14:31:08 GR12=00000000 GR13=00000000 GR14=00000000 GR15=80002062
14:31:08 PSW=0008000080002074 INST=8200F03E     LPSW  62(15)                 load_program_status_word
14:31:08 R:000020A0:K:06=000A0000 00000000 000A0000 00000BAD  ...............[
14:31:08 GR00=00000000 GR01=00000000 GR02=00002088 GR03=00000000
14:31:08 GR04=00000000 GR05=00000000 GR06=00000000 GR07=00000000
14:31:08 GR08=00000000 GR09=00000000 GR10=00000000 GR11=00000000
14:31:08 GR12=00000000 GR13=00000000 GR14=00000000 GR15=80002062
14:31:08 HHC00800I Processor CP00: loaded wait state PSW 000A0000 00000000
14:31:08 HHC00809I Processor CP00: disabled wait state 000A0000 00000000
14:31:10 HHC01603I r 300.FF
14:31:10 HHC02290I R:00000300:K:06=00000000 00000000 00000000 00000000  ................
14:31:10 HHC02290I R:00000310:K:06=00000000 00000000 00000000 00000000  ................
14:31:10 HHC02290I R:00000320:K:06=00000000 00000000 00000000 00000000  ................
14:31:10 HHC02290I R:00000330:K:06=00000000 00000000 00000000 00000000  ................
14:31:10 HHC02290I R:00000340:K:06=00000000 00000000 00000000 00000000  ................
14:31:10 HHC02290I R:00000350:K:06=00000000 00000000 00000000 00000000  ................
14:31:10 HHC02290I R:00000360:K:06=00000000 00000000 00000000 00000000  ................
14:31:10 HHC02290I R:00000370:K:06=00000000 00000000 00000000 00000000  ................
14:31:10 HHC02290I R:00000380:K:06=00000000 00000000 00000000 00000000  ................
14:31:10 HHC02290I R:00000390:K:06=00000000 00000000 00000000 00000000  ................
14:31:10 HHC02290I R:000003A0:K:06=00000000 00000000 00000000 00000000  ................
14:31:10 HHC02290I R:000003B0:K:06=00000000 00000000 00000000 00000000  ................
14:31:10 HHC02290I R:000003C0:K:06=00000000 00000000 00000000 00000000  ................
14:31:10 HHC02290I R:000003D0:K:06=00000000 00000000 00000000 00000000  ................
14:31:10 HHC02290I R:000003E0:K:06=00000000 00000000 00000000 00000000  ................
14:31:10 HHC02290I R:000003F0:K:06=00000000 00000000 00000000 00000000  ................
14:31:10 HHC01603I r 400.FF
14:31:10 HHC02290I R:00000400:K:06=00000000 00000000 00000000 00000000  ................
14:31:10 HHC02290I R:00000410:K:06=00000000 00000000 00000000 00000000  ................
14:31:10 HHC02290I R:00000420:K:06=00000000 00000000 00000000 00000000  ................
14:31:10 HHC02290I R:00000430:K:06=00000000 00000000 00000000 00000000  ................
14:31:10 HHC02290I R:00000440:K:06=00000000 00000000 00000000 00000000  ................
14:31:10 HHC02290I R:00000450:K:06=00000000 00000000 00000000 00000000  ................
14:31:10 HHC02290I R:00000460:K:06=00000000 00000000 00000000 00000000  ................
14:31:10 HHC02290I R:00000470:K:06=00000000 00000000 00000000 00000000  ................
14:31:10 HHC02290I R:00000480:K:06=00000000 00000000 00000000 00000000  ................
14:31:10 HHC02290I R:00000490:K:06=00000000 00000000 00000000 00000000  ................
14:31:10 HHC02290I R:000004A0:K:06=00000000 00000000 00000000 00000000  ................
14:31:10 HHC02290I R:000004B0:K:06=00000000 00000000 00000000 00000000  ................
14:31:10 HHC02290I R:000004C0:K:06=00000000 00000000 00000000 00000000  ................
14:31:10 HHC02290I R:000004D0:K:06=00000000 00000000 00000000 00000000  ................
14:31:10 HHC02290I R:000004E0:K:06=00000000 00000000 00000000 00000000  ................
14:31:10 HHC02290I R:000004F0:K:06=00000000 00000000 00000000 00000000  ................
14:31:10 HHC01603I r 500.FF
14:31:10 HHC02290I R:00000500:K:06=00000000 00000000 00000000 00000000  ................
14:31:10 HHC02290I R:00000510:K:06=00000000 00000000 00000000 00000000  ................
14:31:10 HHC02290I R:00000520:K:06=00000000 00000000 00000000 00000000  ................
14:31:10 HHC02290I R:00000530:K:06=00000000 00000000 00000000 00000000  ................
14:31:10 HHC02290I R:00000540:K:06=00000000 00000000 00000000 00000000  ................
14:31:10 HHC02290I R:00000550:K:06=00000000 00000000 00000000 00000000  ................
14:31:10 HHC02290I R:00000560:K:06=00000000 00000000 00000000 00000000  ................
14:31:10 HHC02290I R:00000570:K:06=00000000 00000000 00000000 00000000  ................
14:31:10 HHC02290I R:00000580:K:06=00000000 00000000 00000000 00000000  ................
14:31:10 HHC02290I R:00000590:K:06=00000000 00000000 00000000 00000000  ................
14:31:10 HHC02290I R:000005A0:K:06=00000000 00000000 00000000 00000000  ................
14:31:10 HHC02290I R:000005B0:K:06=00000000 00000000 00000000 00000000  ................
14:31:10 HHC02290I R:000005C0:K:06=00000000 00000000 00000000 00000000  ................
14:31:10 HHC02290I R:000005D0:K:06=00000000 00000000 00000000 00000000  ................
14:31:10 HHC02290I R:000005E0:K:06=00000000 00000000 00000000 00000000  ................
14:31:10 HHC02290I R:000005F0:K:06=00000000 00000000 00000000 00000000  ................
14:31:10 HHC01603I r 600.FF
14:31:10 HHC02290I R:00000600:K:06=00000000 00000000 00000000 00000000  ................
14:31:10 HHC02290I R:00000610:K:06=00000000 00000000 00000000 00000000  ................
14:31:10 HHC02290I R:00000620:K:06=00000000 00000000 00000000 00000000  ................
14:31:10 HHC02290I R:00000630:K:06=00000000 00000000 00000000 00000000  ................
14:31:10 HHC02290I R:00000640:K:06=00000000 00000000 00000000 00000000  ................
14:31:10 HHC02290I R:00000650:K:06=00000000 00000000 00000000 00000000  ................
14:31:10 HHC02290I R:00000660:K:06=00000000 00000000 00000000 00000000  ................
14:31:10 HHC02290I R:00000670:K:06=00000000 00000000 00000000 00000000  ................
14:31:10 HHC02290I R:00000680:K:06=00000000 00000000 00000000 00000000  ................
14:31:10 HHC02290I R:00000690:K:06=00000000 00000000 00000000 00000000  ................
14:31:10 HHC02290I R:000006A0:K:06=00000000 00000000 00000000 00000000  ................
14:31:10 HHC02290I R:000006B0:K:06=00000000 00000000 00000000 00000000  ................
14:31:10 HHC02290I R:000006C0:K:06=00000000 00000000 00000000 00000000  ................
14:31:10 HHC02290I R:000006D0:K:06=00000000 00000000 00000000 00000000  ................
14:31:10 HHC02290I R:000006E0:K:06=00000000 00000000 00000000 00000000  ................
14:31:10 HHC02290I R:000006F0:K:06=00000000 00000000 00000000 00000000  ................
14:31:10 HHC01603I r 2000.FF
14:31:10 HHC02290I R:00002000:K:06=7F454C46 01020100 00000000 00000000  ".<.............
14:31:10 HHC02290I R:00002010:K:06=00020016 00000001 00002060 00000034  ...........-....
14:31:10 HHC02290I R:00002020:K:06=000000D8 00000000 00340020 00010028  ...Q............
14:31:10 HHC02290I R:00002030:K:06=00060003 00000001 00000054 00002054  ................
14:31:10 HHC02290I R:00002040:K:06=00002054 0000005C 0000005C 00000007  .......*...*....
14:31:10 HHC02290I R:00002050:K:06=00001000 00000000 00000000 00000000  ................
14:31:10 HHC02290I R:00002060:K:06=0DF09825 F0168324 00081244 4780F012  .0q.0.c.......0.
14:31:10 HHC02290I R:00002070:K:06=8200F046 8200F03E 00002088 00000000  b.0.b.0....h....
14:31:10 HHC02290I R:00002080:K:06=00000015 00000000 D4E2C7D5 D6C84040  ........MSGNOH  
14:31:10 HHC02290I R:00002090:K:06=5C40C885 93939640 A6969993 84070707  * Hello world...
14:31:10 HHC02290I R:000020A0:K:06=000A0000 00000000 000A0000 00000BAD  ...............[
14:31:10 HHC02290I R:000020B0:K:06=002E7379 6D746162 002E7374 72746162  ...`_./......./.
14:31:10 HHC02290I R:000020C0:K:06=002E7368 73747274 6162002E 72656C61  ......../.....%/
14:31:10 HHC02290I R:000020D0:K:06=2E746578 74000000 00000000 00000000  ................
14:31:10 HHC02290I R:000020E0:K:06=00000000 00000000 00000000 00000000  ................
14:31:10 HHC02290I R:000020F0:K:06=00000000 00000000 00000000 00000000  ................
14:31:10 HHC01603I r 2100.FF
14:31:10 HHC02290I R:00002100:K:06=00000020 00000001 00000006 00002054  ................
14:31:10 HHC02290I R:00002110:K:06=00000054 0000005C 00000000 00000000  .......*........
14:31:10 HHC02290I R:00002120:K:06=00000008 00000000 0000001B 00000004  ................
14:31:10 HHC02290I R:00002130:K:06=00000000 00000000 000001C8 0000000C  ...........H....
14:31:10 HHC02290I R:00002140:K:06=00000004 00000001 00000004 0000000C  ................
14:31:10 HHC02290I R:00002150:K:06=00000011 00000003 00000000 00000000  ................
14:31:10 HHC02290I R:00002160:K:06=000000B0 00000026 00000000 00000000  ................
14:31:10 HHC02290I R:00002170:K:06=00000001 00000000 00000001 00000002  ................
14:31:10 HHC02290I R:00002180:K:06=00000000 00000000 000001D4 00000080  ...........M....
14:31:10 HHC02290I R:00002190:K:06=00000005 00000007 00000004 00000010  ................
14:31:10 HHC02290I R:000021A0:K:06=00000009 00000003 00000000 00000000  ................
14:31:10 HHC02290I R:000021B0:K:06=00000254 00000064 00000000 00000000  ................
14:31:10 HHC02290I R:000021C0:K:06=00000001 00000000 00002078 00000104  ................
14:31:10 HHC02290I R:000021D0:K:06=00000034 00000000 00000000 00000000  ................
14:31:10 HHC02290I R:000021E0:K:06=00000000 00000000 00002054 00000000  ................
14:31:10 HHC02290I R:000021F0:K:06=03000001 00000001 00000000 00000000  ................
14:31:10 HHC01603I r 2200.FF
14:31:10 HHC02290I R:00002200:K:06=0400FFF1 00000043 00000001 00000000  ...1............
14:31:10 HHC02290I R:00002210:K:06=0000FFF1 0000004C 00000002 00000000  ...1...<........
14:31:10 HHC02290I R:00002220:K:06=0000FFF1 00000055 00000001 00000000  ...1............
14:31:10 HHC02290I R:00002230:K:06=0000FFF1 00000000 00000000 00000000  ...1............
14:31:10 HHC02290I R:00002240:K:06=0400FFF1 0000005D 00002060 00000000  ...1...)...-....
14:31:10 HHC02290I R:00002250:K:06=10000001 002F686F 6D652F68 61726F6C  .......?_.../.?%
14:31:10 HHC02290I R:00002260:K:06=642F5341 544B5245 504F2F53 41544B2F  ........&.......
14:31:10 HHC02290I R:00002270:K:06=73616D70 6C65732F 69706C65 6C662F66  ./_.%.....%.%...
14:31:10 HHC02290I R:00002280:K:06=62612F73 3339302F 6275696C 642F6970  ./.........%....
14:31:10 HHC02290I R:00002290:K:06=6C656C66 2E6F005F 5F733339 305F5F00  %.%..?.^^....^^.
14:31:10 HHC02290I R:000022A0:K:06=5F5F4152 43485F5F 005F5F46 42415F5F  ^^....^^.^^...^^
14:31:10 HHC02290I R:000022B0:K:06=005F7374 61727400 00000000 00000000  .^../...........
14:31:10 HHC02290I R:000022C0:K:06=00000000 00000000 00000000 00000000  ................
14:31:10 HHC02290I R:000022D0:K:06=00000000 00000000 00000000 00000000  ................
14:31:10 HHC02290I R:000022E0:K:06=00000000 00000000 00000000 00000000  ................
14:31:10 HHC02290I R:000022F0:K:06=00000000 00000000 00000000 00000000  ................
14:31:10 HHC01603I r 2300.FF
14:31:10 HHC02290I R:00002300:K:06=00000000 00000000 00000000 00000000  ................
14:31:10 HHC02290I R:00002310:K:06=00000000 00000000 00000000 00000000  ................
14:31:10 HHC02290I R:00002320:K:06=00000000 00000000 00000000 00000000  ................
14:31:10 HHC02290I R:00002330:K:06=00000000 00000000 00000000 00000000  ................
14:31:10 HHC02290I R:00002340:K:06=00000000 00000000 00000000 00000000  ................
14:31:10 HHC02290I R:00002350:K:06=00000000 00000000 00000000 00000000  ................
14:31:10 HHC02290I R:00002360:K:06=00000000 00000000 00000000 00000000  ................
14:31:10 HHC02290I R:00002370:K:06=00000000 00000000 00000000 00000000  ................
14:31:10 HHC02290I R:00002380:K:06=00000000 00000000 00000000 00000000  ................
14:31:10 HHC02290I R:00002390:K:06=00000000 00000000 00000000 00000000  ................
14:31:10 HHC02290I R:000023A0:K:06=00000000 00000000 00000000 00000000  ................
14:31:10 HHC02290I R:000023B0:K:06=00000000 00000000 00000000 00000000  ................
14:31:10 HHC02290I R:000023C0:K:06=00000000 00000000 00000000 00000000  ................
14:31:10 HHC02290I R:000023D0:K:06=00000000 00000000 00000000 00000000  ................
14:31:10 HHC02290I R:000023E0:K:06=00000000 00000000 00000000 00000000  ................
14:31:10 HHC02290I R:000023F0:K:06=00000000 00000000 00000000 00000000  ................
14:31:10 HHC01603I r 2400.FF
14:31:10 HHC02290I R:00002400:K:06=00000000 00000000 00000000 00000000  ................
14:31:10 HHC02290I R:00002410:K:06=00000000 00000000 00000000 00000000  ................
14:31:10 HHC02290I R:00002420:K:06=00000000 00000000 00000000 00000000  ................
14:31:10 HHC02290I R:00002430:K:06=00000000 00000000 00000000 00000000  ................
14:31:10 HHC02290I R:00002440:K:06=00000000 00000000 00000000 00000000  ................
14:31:10 HHC02290I R:00002450:K:06=00000000 00000000 00000000 00000000  ................
14:31:10 HHC02290I R:00002460:K:06=00000000 00000000 00000000 00000000  ................
14:31:10 HHC02290I R:00002470:K:06=00000000 00000000 00000000 00000000  ................
14:31:10 HHC02290I R:00002480:K:06=00000000 00000000 00000000 00000000  ................
14:31:10 HHC02290I R:00002490:K:06=00000000 00000000 00000000 00000000  ................
14:31:10 HHC02290I R:000024A0:K:06=00000000 00000000 00000000 00000000  ................
14:31:10 HHC02290I R:000024B0:K:06=00000000 00000000 00080000 80002060  ...............-
14:31:10 HHC02290I R:000024C0:K:06=020024B8 40000200 080024E0 00000001  .... ......\....
14:31:10 HHC02290I R:000024D0:K:06=06000002 00000004 06000002 00000002  ................
14:31:10 HHC02290I R:000024E0:K:06=430024D0 40000008 42002000 40000400  ...} ....... ...
14:31:10 HHC02290I R:000024F0:K:06=430024D8 40000008 42000000 00000400  ...Q ...........
14:31:10 HHC01603I r 2500.FF
14:31:10 HHC02290I R:00002500:K:06=00000000 00000000 00000000 00000000  ................
14:31:10 HHC02290I R:00002510:K:06=00000000 00000000 00000000 00000000  ................
14:31:10 HHC02290I R:00002520:K:06=00000000 00000000 00000000 00000000  ................
14:31:10 HHC02290I R:00002530:K:06=00000000 00000000 00000000 00000000  ................
14:31:10 HHC02290I R:00002540:K:06=00000000 00000000 00000000 00000000  ................
14:31:10 HHC02290I R:00002550:K:06=00000000 00000000 00000000 00000000  ................
14:31:10 HHC02290I R:00002560:K:06=00000000 00000000 00000000 00000000  ................
14:31:10 HHC02290I R:00002570:K:06=00000000 00000000 00000000 00000000  ................
14:31:10 HHC02290I R:00002580:K:06=00000000 00000000 00000000 00000000  ................
14:31:10 HHC02290I R:00002590:K:06=00000000 00000000 00000000 00000000  ................
14:31:10 HHC02290I R:000025A0:K:06=00000000 00000000 00000000 00000000  ................
14:31:10 HHC02290I R:000025B0:K:06=00000000 00000000 00000000 00000000  ................
14:31:10 HHC02290I R:000025C0:K:06=00000000 00000000 00000000 00000000  ................
14:31:10 HHC02290I R:000025D0:K:06=00000000 00000000 00000000 00000000  ................
14:31:10 HHC02290I R:000025E0:K:06=00000000 00000000 00000000 00000000  ................
14:31:10 HHC02290I R:000025F0:K:06=00000000 00000000 00000000 00000000  ................
14:31:10 HHC02264I Script 1: file /home/harold/SATKREPO/SATK/samples/iplelf/fba/s390/s390.rc processing ended
14:31:12 HHC01603I quit
14:31:12 HHC01420I Begin Hercules shutdown
14:31:12 HHC01423I Calling termination routines
14:31:12 HHC00101I Thread id 7FC438FA6950, prio  0, name Timer ended
14:31:12 HHC02272I Highest observed MIPS and IO/s rates
14:31:12 HHC02272I   from Sun Jun 16 00:00:00 2013
14:31:12 HHC02272I     to Sun Jun 16 14:31:12 2013
14:31:12 HHC02272I   MIPS: 0.00  IO/s: 0
14:31:12 HHC00101I Thread id 7FC4390A7950, prio 15, name Processor CP00 ended
14:31:12 HHC01465I 0:001F subchannel 0:0000 detached
14:31:12 HHC01465I 0:0200 subchannel 0:0001 detached
14:31:12 HHC01427I Main storage released
14:31:12 HHC01427I Expanded storage released
14:31:12 HHC01422I Configuration released
14:31:12 HHC01424I All termination routines complete
14:31:12 HHC01425I Hercules shutdown complete
14:31:12 HHC02103I Logger: logger thread terminating
