/home/harold/hercsandi/bin/hercules -f /home/harold/SATKREPO/SATK/samples/textseg/fba/s390x/s390x.conf
08:43:55 HHC01413I Hercules version 4.00
08:43:55 HHC01414I (c) Copyright 1999-2012 by Roger Bowler, Jan Jaeger, and others
08:43:55 HHC01415I Built on May  3 2013 at 11:34:52
08:43:55 HHC01416I Build information:
08:43:55 HHC01417I Modes: S/370 ESA/390 z/Arch
08:43:55 HHC01417I Max CPU Engines: 8
08:43:55 HHC01417I Using   setresuid() for setting privileges
08:43:55 HHC01417I Using   POSIX threads Threading Model
08:43:55 HHC01417I Using   Error-Checking Mutex Locking Model
08:43:55 HHC01417I Using   HercIO
08:43:55 HHC01417I With    Syncio support
08:43:55 HHC01417I With    Dynamic loading support
08:43:55 HHC01417I Using   shared libraries
08:43:55 HHC01417I With    External GUI support
08:43:55 HHC01417I With    IPV6 support
08:43:55 HHC01417I With    HTTP Server support
08:43:55 HHC01417I With    sqrtl support
08:43:55 HHC01417I With    SIGABEND handler
08:43:55 HHC01417I With    CCKD BZIP2 support
08:43:55 HHC01417I With    HET BZIP2 support
08:43:55 HHC01417I With    ZLIB support
08:43:55 HHC01417I With    Regular Expressions support
08:43:55 HHC01417I With    Object REXX support
08:43:55 HHC01417I With    Regina REXX support
08:43:55 HHC01417I With    Automatic Operator support
08:43:55 HHC01417I With    National Language Support
08:43:55 HHC01417I Machine dependent assists: cmpxchg1 cmpxchg4 cmpxchg8
08:43:55 HHC01417I Running on dev Linux-2.6.27.56-0.1-defau. #1 SMP 2010-12-01 16:57:58 +0100, x86_64 MP=2
08:43:55 HHC00150I Crypto module loaded (c) Copyright 2003-2011 by Bernard van der Helm
08:43:55 HHC00151I Activated facility: Message Security Assist
08:43:55 HHC00151I Activated facility: Message Security Assist Extension 1, 2, 3 and 4
08:43:55 HHC00100I Thread id 7FEF7A8A3950, prio  0, name Timer started
08:43:55 HHC00100I Thread id 7FEF7A9A4950, prio 15, name Processor CP00 started
08:43:55 HHC00811I Processor CP00: architecture mode z/Arch
08:43:55 HHC00136W Error in function setenv(): cannot set CUU: Not thread safe--setting disabled
08:43:55 HHC01474I Using internal codepage conversion table default
08:43:55 HHC00507I 0:0200 FBA file /home/harold/SATKREPO/SATK/samples/textseg/fba/s390x/textseg.3310: origin 0, blks 5
08:43:55 HHC00100I Thread id 7FEF7DD1C6F0, prio  0, name Control panel started
08:43:55 HHC02260I Script 1: begin processing file /home/harold/SATKREPO/SATK/samples/textseg/fba/s390x/s390x.rc
08:43:55 HHC01603I archmode
08:43:55 HHC02203I archmode      : z/Arch
08:43:55 HHC01603I t+
08:43:55 HHC02229I Instruction tracing on 
08:43:55 HHC01603I t+0200
08:43:55 HHC02204I CCW trace for 0:0200 set to on
08:43:55 HHC01603I ipl 0200
08:43:55 HHC01315I 0:0200 CHAN: ccw 02000000 60000018
08:43:55 HHC00518I 0:0200 FBA file /home/harold/SATKREPO/SATK/samples/textseg/fba/s390x/textseg.3310: read blkgrp 0 cache miss, using cache[0]
08:43:55 HHC00519I 0:0200 FBA file /home/harold/SATKREPO/SATK/samples/textseg/fba/s390x/textseg.3310: read blkgrp 0 offset 0 len 2560
08:43:55 HHC01312I 0:0200 CHAN: stat 0C00, count 0000=>00080000 80002080 020022F0 40000200 ...........0 ...
08:43:55 HHC01315I 0:0200 CHAN: ccw 020022F0 40000200
08:43:55 HHC01312I 0:0200 CHAN: stat 0C00, count 0000=>00080000 80002080 020022F0 40000200 ...........0 ...
08:43:55 HHC01315I 0:0200 CHAN: ccw 08002318 00000001
08:43:55 HHC01315I 0:0200 CHAN: ccw 43002308 40000008=>06000001 00000004                   ........
08:43:55 HHC00520I 0:0200 FBA file /home/harold/SATKREPO/SATK/samples/textseg/fba/s390x/textseg.3310: positioning to 0x800 2048
08:43:55 HHC01312I 0:0200 CHAN: stat 0C00, count 0000
08:43:55 HHC01315I 0:0200 CHAN: ccw 42002078 40000200
08:43:55 HHC01312I 0:0200 CHAN: stat 0C00, count 0000=>00000000 00000000 0DF0B212 F01A1BAA .........0..0...
08:43:55 HHC01315I 0:0200 CHAN: ccw 43002310 40000008=>06000002 00000002                   ........
08:43:55 HHC00520I 0:0200 FBA file /home/harold/SATKREPO/SATK/samples/textseg/fba/s390x/textseg.3310: positioning to 0x400 1024
08:43:55 HHC01312I 0:0200 CHAN: stat 0C00, count 0000
08:43:55 HHC01315I 0:0200 CHAN: ccw 42000000 00000400
08:43:55 HHC01312I 0:0200 CHAN: stat 0C00, count 0000=>00080000 80002080 020022F0 40000200 ...........0 ...
08:43:55 HHC00811I Processor CP00: architecture mode ESA/390
08:43:55 PSW=0008000080002080 INST=0DF0         BASR  15,0                   branch_and_save_register
08:43:55 GR00=00000000 GR01=00000000 GR02=00000000 GR03=00000000
08:43:55 GR04=00000000 GR05=00000000 GR06=00000000 GR07=00000000
08:43:55 GR08=00000000 GR09=00000000 GR10=00000000 GR11=00000000
08:43:55 GR12=00000000 GR13=00000000 GR14=00000000 GR15=00000000
08:43:55 PSW=0008000080002082 INST=B212F01A     STAP  26(15)                 store_cpu_address
08:43:55 R:0000209C:K:06=00009825 F0328324 00081244 4780F02E  ..q.0.c.......0.
08:43:55 GR00=00000000 GR01=00000000 GR02=00000000 GR03=00000000
08:43:55 GR04=00000000 GR05=00000000 GR06=00000000 GR07=00000000
08:43:55 GR08=00000000 GR09=00000000 GR10=00000000 GR11=00000000
08:43:55 GR12=00000000 GR13=00000000 GR14=00000000 GR15=80002082
08:43:55 CR00=000000E0 CR01=00000000 CR02=00000000 CR03=00000000
08:43:55 CR04=00000000 CR05=00000000 CR06=00000000 CR07=00000000
08:43:55 CR08=00000000 CR09=00000000 CR10=00000000 CR11=00000000
08:43:55 CR12=00000000 CR13=00000000 CR14=C2000000 CR15=00000000
08:43:55 PSW=0008000080002086 INST=1BAA         SR    10,10                  subtract_register
08:43:55 GR00=00000000 GR01=00000000 GR02=00000000 GR03=00000000
08:43:55 GR04=00000000 GR05=00000000 GR06=00000000 GR07=00000000
08:43:55 GR08=00000000 GR09=00000000 GR10=00000000 GR11=00000000
08:43:55 GR12=00000000 GR13=00000000 GR14=00000000 GR15=80002082
08:43:55 PSW=0008000080002088 INST=41B00001     LA    11,1(0,0)              load_address
08:43:55 R:00000001:K:06=080000 80002080 020022F0 40000200 08 ..........0 ....
08:43:55 GR00=00000000 GR01=00000000 GR02=00000000 GR03=00000000
08:43:55 GR04=00000000 GR05=00000000 GR06=00000000 GR07=00000000
08:43:55 GR08=00000000 GR09=00000000 GR10=00000000 GR11=00000000
08:43:55 GR12=00000000 GR13=00000000 GR14=00000000 GR15=80002082
08:43:55 PSW=000800008000208C INST=48C0F01A     LH    12,26(0,15)            load_halfword
08:43:55 R:0000209C:K:06=00009825 F0328324 00081244 4780F02E  ..q.0.c.......0.
08:43:55 GR00=00000000 GR01=00000000 GR02=00000000 GR03=00000000
08:43:55 GR04=00000000 GR05=00000000 GR06=00000000 GR07=00000000
08:43:55 GR08=00000000 GR09=00000000 GR10=00000000 GR11=00000001
08:43:55 GR12=00000000 GR13=00000000 GR14=00000000 GR15=80002082
08:43:55 PSW=0008000080002090 INST=AEAC0012     SIGP  10,12,18(0)            signal_processor
08:43:55 R:00000012:K:06=2318 00000001 00000000 00000000 0000 ................
08:43:55 GR00=00000000 GR01=00000000 GR02=00000000 GR03=00000000
08:43:55 GR04=00000000 GR05=00000000 GR06=00000000 GR07=00000000
08:43:55 GR08=00000000 GR09=00000000 GR10=00000000 GR11=00000001
08:43:55 GR12=00000000 GR13=00000000 GR14=00000000 GR15=80002082
08:43:55 HHC00814I Processor CP00: SIGP Set architecture mode            (12) CP00, PARM 00000001: CC 0
08:43:55 HHC00811I Processor CP00: architecture mode z/Arch
08:43:55 PSW=0000000080000000 0000000000002094 INST=4780F01C     BC    8,28(0,15)             branch_on_condition
08:43:55 R:000000000000209E:K:06=9825 F0328324 00081244 4780F02E 8200 q.0.c.......0.b.
08:43:55 R0=0000000000000000 R1=0000000000000000 R2=0000000000000000 R3=0000000000000000
08:43:55 R4=0000000000000000 R5=0000000000000000 R6=0000000000000000 R7=0000000000000000
08:43:55 R8=0000000000000000 R9=0000000000000000 RA=0000000000000000 RB=0000000000000001
08:43:55 RC=0000000000000000 RD=0000000000000000 RE=0000000000000000 RF=0000000080002082
08:43:55 PSW=0000000080000000 000000000000209E INST=9825F032     LM    2,5,50(15)             load_multiple
08:43:55 R:00000000000020B4:K:06=000020C4 00000000 00000015 00000000  ...D............
08:43:55 R0=0000000000000000 R1=0000000000000000 R2=0000000000000000 R3=0000000000000000
08:43:55 R4=0000000000000000 R5=0000000000000000 R6=0000000000000000 R7=0000000000000000
08:43:55 R8=0000000000000000 R9=0000000000000000 RA=0000000000000000 RB=0000000000000001
08:43:55 RC=0000000000000000 RD=0000000000000000 RE=0000000000000000 RF=0000000080002082
08:43:55 PSW=0000000080000000 00000000000020A2 INST=83240008     DIAG  2,4,8(0)               diagnose
08:43:55 R:0000000000000008:K:06=020022F0 40000200 08002318 00000001  ...0 ...........
08:43:55 R0=0000000000000000 R1=0000000000000000 R2=00000000000020C4 R3=0000000000000000
08:43:55 R4=0000000000000015 R5=0000000000000000 R6=0000000000000000 R7=0000000000000000
08:43:55 R8=0000000000000000 R9=0000000000000000 RA=0000000000000000 RB=0000000000000001
08:43:55 RC=0000000000000000 RD=0000000000000000 RE=0000000000000000 RF=0000000080002082
08:43:55 Hello world
08:43:55 PSW=0000000080000000 00000000000020A6 INST=1244         LTR   4,4                    load_and_test_register
08:43:55 R0=0000000000000000 R1=0000000000000000 R2=00000000000020C4 R3=0000000000000000
08:43:55 R4=0000000000000000 R5=0000000000000000 R6=0000000000000000 R7=0000000000000000
08:43:55 R8=0000000000000000 R9=0000000000000000 RA=0000000000000000 RB=0000000000000001
08:43:55 RC=0000000000000000 RD=0000000000000000 RE=0000000000000000 RF=0000000080002082
08:43:55 PSW=0000000080000000 00000000000020A8 INST=4780F02E     BC    8,46(0,15)             branch_on_condition
08:43:55 R:00000000000020B0:K:06=8200F05E 000020C4 00000000 00000015  b.0;...D........
08:43:55 R0=0000000000000000 R1=0000000000000000 R2=00000000000020C4 R3=0000000000000000
08:43:55 R4=0000000000000000 R5=0000000000000000 R6=0000000000000000 R7=0000000000000000
08:43:55 R8=0000000000000000 R9=0000000000000000 RA=0000000000000000 RB=0000000000000001
08:43:55 RC=0000000000000000 RD=0000000000000000 RE=0000000000000000 RF=0000000080002082
08:43:55 PSW=0000000080000000 00000000000020B0 INST=8200F05E     LPSW  94(15)                 load_program_status_word
08:43:55 R:00000000000020E0:K:06=000A0000 00000000 000A0000 00000BAD  ...............[
08:43:55 R0=0000000000000000 R1=0000000000000000 R2=00000000000020C4 R3=0000000000000000
08:43:55 R4=0000000000000000 R5=0000000000000000 R6=0000000000000000 R7=0000000000000000
08:43:55 R8=0000000000000000 R9=0000000000000000 RA=0000000000000000 RB=0000000000000001
08:43:55 RC=0000000000000000 RD=0000000000000000 RE=0000000000000000 RF=0000000080002082
08:43:55 HHC00800I Processor CP00: loaded wait state PSW 000A000000000000 0000000000000000
08:43:55 HHC00809I Processor CP00: disabled wait state 0002000000000000 0000000000000000
08:43:57 HHC01603I r 300.FF
08:43:57 HHC02290I R:0000000000000300:K:06=00000000 00000000 00000000 00000000  ................
08:43:57 HHC02290I R:0000000000000310:K:06=00000000 00000000 00000000 00000000  ................
08:43:57 HHC02290I R:0000000000000320:K:06=00000000 00000000 00000000 00000000  ................
08:43:57 HHC02290I R:0000000000000330:K:06=00000000 00000000 00000000 00000000  ................
08:43:57 HHC02290I R:0000000000000340:K:06=00000000 00000000 00000000 00000000  ................
08:43:57 HHC02290I R:0000000000000350:K:06=00000000 00000000 00000000 00000000  ................
08:43:57 HHC02290I R:0000000000000360:K:06=00000000 00000000 00000000 00000000  ................
08:43:57 HHC02290I R:0000000000000370:K:06=00000000 00000000 00000000 00000000  ................
08:43:57 HHC02290I R:0000000000000380:K:06=00000000 00000000 00000000 00000000  ................
08:43:57 HHC02290I R:0000000000000390:K:06=00000000 00000000 00000000 00000000  ................
08:43:57 HHC02290I R:00000000000003A0:K:06=00000000 00000000 00000000 00000000  ................
08:43:57 HHC02290I R:00000000000003B0:K:06=00000000 00000000 00000000 00000000  ................
08:43:57 HHC02290I R:00000000000003C0:K:06=00000000 00000000 00000000 00000000  ................
08:43:57 HHC02290I R:00000000000003D0:K:06=00000000 00000000 00000000 00000000  ................
08:43:57 HHC02290I R:00000000000003E0:K:06=00000000 00000000 00000000 00000000  ................
08:43:57 HHC02290I R:00000000000003F0:K:06=00000000 00000000 00000000 00000000  ................
08:43:57 HHC01603I r 400.FF
08:43:57 HHC02290I R:0000000000000400:K:06=00000000 00000000 00000000 00000000  ................
08:43:57 HHC02290I R:0000000000000410:K:06=00000000 00000000 00000000 00000000  ................
08:43:57 HHC02290I R:0000000000000420:K:06=00000000 00000000 00000000 00000000  ................
08:43:57 HHC02290I R:0000000000000430:K:06=00000000 00000000 00000000 00000000  ................
08:43:57 HHC02290I R:0000000000000440:K:06=00000000 00000000 00000000 00000000  ................
08:43:57 HHC02290I R:0000000000000450:K:06=00000000 00000000 00000000 00000000  ................
08:43:57 HHC02290I R:0000000000000460:K:06=00000000 00000000 00000000 00000000  ................
08:43:57 HHC02290I R:0000000000000470:K:06=00000000 00000000 00000000 00000000  ................
08:43:57 HHC02290I R:0000000000000480:K:06=00000000 00000000 00000000 00000000  ................
08:43:57 HHC02290I R:0000000000000490:K:06=00000000 00000000 00000000 00000000  ................
08:43:57 HHC02290I R:00000000000004A0:K:06=00000000 00000000 00000000 00000000  ................
08:43:57 HHC02290I R:00000000000004B0:K:06=00000000 00000000 00000000 00000000  ................
08:43:57 HHC02290I R:00000000000004C0:K:06=00000000 00000000 00000000 00000000  ................
08:43:57 HHC02290I R:00000000000004D0:K:06=00000000 00000000 00000000 00000000  ................
08:43:57 HHC02290I R:00000000000004E0:K:06=00000000 00000000 00000000 00000000  ................
08:43:57 HHC02290I R:00000000000004F0:K:06=00000000 00000000 00000000 00000000  ................
08:43:57 HHC01603I r 500.FF
08:43:57 HHC02290I R:0000000000000500:K:06=00000000 00000000 00000000 00000000  ................
08:43:57 HHC02290I R:0000000000000510:K:06=00000000 00000000 00000000 00000000  ................
08:43:57 HHC02290I R:0000000000000520:K:06=00000000 00000000 00000000 00000000  ................
08:43:57 HHC02290I R:0000000000000530:K:06=00000000 00000000 00000000 00000000  ................
08:43:57 HHC02290I R:0000000000000540:K:06=00000000 00000000 00000000 00000000  ................
08:43:57 HHC02290I R:0000000000000550:K:06=00000000 00000000 00000000 00000000  ................
08:43:57 HHC02290I R:0000000000000560:K:06=00000000 00000000 00000000 00000000  ................
08:43:57 HHC02290I R:0000000000000570:K:06=00000000 00000000 00000000 00000000  ................
08:43:57 HHC02290I R:0000000000000580:K:06=00000000 00000000 00000000 00000000  ................
08:43:57 HHC02290I R:0000000000000590:K:06=00000000 00000000 00000000 00000000  ................
08:43:57 HHC02290I R:00000000000005A0:K:06=00000000 00000000 00000000 00000000  ................
08:43:57 HHC02290I R:00000000000005B0:K:06=00000000 00000000 00000000 00000000  ................
08:43:57 HHC02290I R:00000000000005C0:K:06=00000000 00000000 00000000 00000000  ................
08:43:57 HHC02290I R:00000000000005D0:K:06=00000000 00000000 00000000 00000000  ................
08:43:57 HHC02290I R:00000000000005E0:K:06=00000000 00000000 00000000 00000000  ................
08:43:57 HHC02290I R:00000000000005F0:K:06=00000000 00000000 00000000 00000000  ................
08:43:57 HHC01603I r 600.FF
08:43:57 HHC02290I R:0000000000000600:K:06=00000000 00000000 00000000 00000000  ................
08:43:57 HHC02290I R:0000000000000610:K:06=00000000 00000000 00000000 00000000  ................
08:43:57 HHC02290I R:0000000000000620:K:06=00000000 00000000 00000000 00000000  ................
08:43:57 HHC02290I R:0000000000000630:K:06=00000000 00000000 00000000 00000000  ................
08:43:57 HHC02290I R:0000000000000640:K:06=00000000 00000000 00000000 00000000  ................
08:43:57 HHC02290I R:0000000000000650:K:06=00000000 00000000 00000000 00000000  ................
08:43:57 HHC02290I R:0000000000000660:K:06=00000000 00000000 00000000 00000000  ................
08:43:57 HHC02290I R:0000000000000670:K:06=00000000 00000000 00000000 00000000  ................
08:43:57 HHC02290I R:0000000000000680:K:06=00000000 00000000 00000000 00000000  ................
08:43:57 HHC02290I R:0000000000000690:K:06=00000000 00000000 00000000 00000000  ................
08:43:57 HHC02290I R:00000000000006A0:K:06=00000000 00000000 00000000 00000000  ................
08:43:57 HHC02290I R:00000000000006B0:K:06=00000000 00000000 00000000 00000000  ................
08:43:57 HHC02290I R:00000000000006C0:K:06=00000000 00000000 00000000 00000000  ................
08:43:57 HHC02290I R:00000000000006D0:K:06=00000000 00000000 00000000 00000000  ................
08:43:57 HHC02290I R:00000000000006E0:K:06=00000000 00000000 00000000 00000000  ................
08:43:57 HHC02290I R:00000000000006F0:K:06=00000000 00000000 00000000 00000000  ................
08:43:57 HHC01603I r 2000.FF
08:43:57 HHC02290I R:0000000000002000:K:06=00000000 00000000 00000000 00000000  ................
08:43:57 HHC02290I R:0000000000002010:K:06=00000000 00000000 00000000 00000000  ................
08:43:57 HHC02290I R:0000000000002020:K:06=00000000 00000000 00000000 00000000  ................
08:43:57 HHC02290I R:0000000000002030:K:06=00000000 00000000 00000000 00000000  ................
08:43:57 HHC02290I R:0000000000002040:K:06=00000000 00000000 00000000 00000000  ................
08:43:57 HHC02290I R:0000000000002050:K:06=00000000 00000000 00000000 00000000  ................
08:43:57 HHC02290I R:0000000000002060:K:06=00000000 00000000 00000000 00000000  ................
08:43:57 HHC02290I R:0000000000002070:K:06=00000000 00000000 00000000 00000000  ................
08:43:57 HHC02290I R:0000000000002080:K:06=0DF0B212 F01A1BAA 41B00001 48C0F01A  .0..0........{0.
08:43:57 HHC02290I R:0000000000002090:K:06=AEAC0012 4780F01C 4DD0F066 00009825  ......0.(}0...q.
08:43:57 HHC02290I R:00000000000020A0:K:06=F0328324 00081244 4780F02E 8200F066  0.c.......0.b.0.
08:43:57 HHC02290I R:00000000000020B0:K:06=8200F05E 000020C4 00000000 00000015  b.0;...D........
08:43:57 HHC02290I R:00000000000020C0:K:06=00000000 D4E2C7D5 D6C84040 5C40C885  ....MSGNOH  * He
08:43:57 HHC02290I R:00000000000020D0:K:06=93939640 A6969993 84070707 07070707  llo world.......
08:43:57 HHC02290I R:00000000000020E0:K:06=000A0000 00000000 000A0000 00000BAD  ...............[
08:43:57 HHC02290I R:00000000000020F0:K:06=00000000 00000000 00000000 00000000  ................
08:43:57 HHC01603I r 2100.FF
08:43:57 HHC02290I R:0000000000002100:K:06=00000000 00000000 00000000 00000000  ................
08:43:57 HHC02290I R:0000000000002110:K:06=00000000 00000000 00000000 00000000  ................
08:43:57 HHC02290I R:0000000000002120:K:06=00000000 00000000 00000000 00000000  ................
08:43:57 HHC02290I R:0000000000002130:K:06=00000000 00000000 00000000 00000000  ................
08:43:57 HHC02290I R:0000000000002140:K:06=00000000 00000000 00000000 00000000  ................
08:43:57 HHC02290I R:0000000000002150:K:06=00000000 00000000 00000000 00000000  ................
08:43:57 HHC02290I R:0000000000002160:K:06=00000000 00000000 00000000 00000000  ................
08:43:57 HHC02290I R:0000000000002170:K:06=00000000 00000000 00000000 00000000  ................
08:43:57 HHC02290I R:0000000000002180:K:06=00000000 00000000 00000000 00000000  ................
08:43:57 HHC02290I R:0000000000002190:K:06=00000000 00000000 00000000 00000000  ................
08:43:57 HHC02290I R:00000000000021A0:K:06=00000000 00000000 00000000 00000000  ................
08:43:57 HHC02290I R:00000000000021B0:K:06=00000000 00000000 00000000 00000000  ................
08:43:57 HHC02290I R:00000000000021C0:K:06=00000000 00000000 00000000 00000000  ................
08:43:57 HHC02290I R:00000000000021D0:K:06=00000000 00000000 00000000 00000000  ................
08:43:57 HHC02290I R:00000000000021E0:K:06=00000000 00000000 00000000 00000000  ................
08:43:57 HHC02290I R:00000000000021F0:K:06=00000000 00000000 00000000 00000000  ................
08:43:57 HHC01603I r 2200.FF
08:43:57 HHC02290I R:0000000000002200:K:06=00000000 00000000 00000000 00000000  ................
08:43:57 HHC02290I R:0000000000002210:K:06=00000000 00000000 00000000 00000000  ................
08:43:57 HHC02290I R:0000000000002220:K:06=00000000 00000000 00000000 00000000  ................
08:43:57 HHC02290I R:0000000000002230:K:06=00000000 00000000 00000000 00000000  ................
08:43:57 HHC02290I R:0000000000002240:K:06=00000000 00000000 00000000 00000000  ................
08:43:57 HHC02290I R:0000000000002250:K:06=00000000 00000000 00000000 00000000  ................
08:43:57 HHC02290I R:0000000000002260:K:06=00000000 00000000 00000000 00000000  ................
08:43:57 HHC02290I R:0000000000002270:K:06=00000000 00000000 00000000 00000000  ................
08:43:57 HHC02290I R:0000000000002280:K:06=00000000 00000000 00000000 00000000  ................
08:43:57 HHC02290I R:0000000000002290:K:06=00000000 00000000 00000000 00000000  ................
08:43:57 HHC02290I R:00000000000022A0:K:06=00000000 00000000 00000000 00000000  ................
08:43:57 HHC02290I R:00000000000022B0:K:06=00000000 00000000 00000000 00000000  ................
08:43:57 HHC02290I R:00000000000022C0:K:06=00000000 00000000 00000000 00000000  ................
08:43:57 HHC02290I R:00000000000022D0:K:06=00000000 00000000 00000000 00000000  ................
08:43:57 HHC02290I R:00000000000022E0:K:06=00000000 00000000 00000000 00000000  ................
08:43:57 HHC02290I R:00000000000022F0:K:06=00080000 80002080 020022F0 40000200  ...........0 ...
08:43:57 HHC01603I r 2300.FF
08:43:57 HHC02290I R:0000000000002300:K:06=08002318 00000001 06000001 00000004  ................
08:43:57 HHC02290I R:0000000000002310:K:06=06000002 00000002 43002308 40000008  ............ ...
08:43:57 HHC02290I R:0000000000002320:K:06=42002078 40000200 43002310 40000008  .... ....... ...
08:43:57 HHC02290I R:0000000000002330:K:06=42000000 00000400 00000000 00000000  ................
08:43:57 HHC02290I R:0000000000002340:K:06=00000000 00000000 00000000 00000000  ................
08:43:57 HHC02290I R:0000000000002350:K:06=00000000 00000000 00000000 00000000  ................
08:43:57 HHC02290I R:0000000000002360:K:06=00000000 00000000 00000000 00000000  ................
08:43:57 HHC02290I R:0000000000002370:K:06=00000000 00000000 00000000 00000000  ................
08:43:57 HHC02290I R:0000000000002380:K:06=00000000 00000000 00000000 00000000  ................
08:43:57 HHC02290I R:0000000000002390:K:06=00000000 00000000 00000000 00000000  ................
08:43:57 HHC02290I R:00000000000023A0:K:06=00000000 00000000 00000000 00000000  ................
08:43:57 HHC02290I R:00000000000023B0:K:06=00000000 00000000 00000000 00000000  ................
08:43:57 HHC02290I R:00000000000023C0:K:06=00000000 00000000 00000000 00000000  ................
08:43:57 HHC02290I R:00000000000023D0:K:06=00000000 00000000 00000000 00000000  ................
08:43:57 HHC02290I R:00000000000023E0:K:06=00000000 00000000 00000000 00000000  ................
08:43:57 HHC02290I R:00000000000023F0:K:06=00000000 00000000 00000000 00000000  ................
08:43:57 HHC02264I Script 1: file /home/harold/SATKREPO/SATK/samples/textseg/fba/s390x/s390x.rc processing ended
08:44:00 HHC01603I quit
08:44:00 HHC01420I Begin Hercules shutdown
08:44:00 HHC01423I Calling termination routines
08:44:00 HHC00101I Thread id 7FEF7A8A3950, prio  0, name Timer ended
08:44:00 HHC02272I Highest observed MIPS and IO/s rates
08:44:00 HHC02272I   from Sun Jun 16 00:00:00 2013
08:44:00 HHC02272I     to Sun Jun 16 08:44:00 2013
08:44:00 HHC02272I   MIPS: 0.00  IO/s: 0
08:44:00 HHC00101I Thread id 7FEF7A9A4950, prio 15, name Processor CP00 ended
08:44:00 HHC01465I 0:001F subchannel 0:0000 detached
08:44:00 HHC01465I 0:0200 subchannel 0:0001 detached
08:44:00 HHC01427I Main storage released
08:44:00 HHC01427I Expanded storage released
08:44:00 HHC01422I Configuration released
08:44:00 HHC01424I All termination routines complete
08:44:00 HHC02103I Logger: logger thread terminating
