/home/harold/hercsandi/bin/hercules -f /home/harold/SATKREPO/SATK/samples/iplelf/fba/s390x/s390x.conf
14:45:06 HHC01413I Hercules version 4.00
14:45:06 HHC01414I (c) Copyright 1999-2012 by Roger Bowler, Jan Jaeger, and others
14:45:06 HHC01415I Built on May  3 2013 at 11:34:52
14:45:06 HHC01416I Build information:
14:45:06 HHC01417I Modes: S/370 ESA/390 z/Arch
14:45:06 HHC01417I Max CPU Engines: 8
14:45:06 HHC01417I Using   setresuid() for setting privileges
14:45:06 HHC01417I Using   POSIX threads Threading Model
14:45:06 HHC01417I Using   Error-Checking Mutex Locking Model
14:45:06 HHC01417I Using   HercIO
14:45:06 HHC01417I With    Syncio support
14:45:06 HHC01417I With    Dynamic loading support
14:45:06 HHC01417I Using   shared libraries
14:45:06 HHC01417I With    External GUI support
14:45:06 HHC01417I With    IPV6 support
14:45:06 HHC01417I With    HTTP Server support
14:45:06 HHC01417I With    sqrtl support
14:45:06 HHC01417I With    SIGABEND handler
14:45:06 HHC01417I With    CCKD BZIP2 support
14:45:06 HHC01417I With    HET BZIP2 support
14:45:06 HHC01417I With    ZLIB support
14:45:06 HHC01417I With    Regular Expressions support
14:45:06 HHC01417I With    Object REXX support
14:45:06 HHC01417I With    Regina REXX support
14:45:06 HHC01417I With    Automatic Operator support
14:45:06 HHC01417I With    National Language Support
14:45:06 HHC01417I Machine dependent assists: cmpxchg1 cmpxchg4 cmpxchg8
14:45:06 HHC01417I Running on dev Linux-2.6.27.56-0.1-defau. #1 SMP 2010-12-01 16:57:58 +0100, x86_64 MP=2
14:45:06 HHC00150I Crypto module loaded (c) Copyright 2003-2011 by Bernard van der Helm
14:45:06 HHC00151I Activated facility: Message Security Assist
14:45:06 HHC00151I Activated facility: Message Security Assist Extension 1, 2, 3 and 4
14:45:06 HHC00100I Thread id 7F33BB6E2950, prio  0, name Timer started
14:45:06 HHC00100I Thread id 7F33BB7E3950, prio 15, name Processor CP00 started
14:45:06 HHC00811I Processor CP00: architecture mode z/Arch
14:45:06 HHC00136W Error in function setenv(): cannot set CUU: Not thread safe--setting disabled
14:45:06 HHC01474I Using internal codepage conversion table default
14:45:06 HHC00507I 0:0200 FBA file /home/harold/SATKREPO/SATK/samples/iplelf/fba/s390x/iplelf.3310: origin 0, blks 6
14:45:06 HHC00100I Thread id 7F33BEB5B6F0, prio  0, name Control panel started
14:45:06 HHC02260I Script 1: begin processing file /home/harold/SATKREPO/SATK/samples/iplelf/fba/s390x/s390x.rc
14:45:06 HHC01603I archmode
14:45:06 HHC02203I archmode      : z/Arch
14:45:06 HHC01603I t+
14:45:06 HHC02229I Instruction tracing on 
14:45:06 HHC01603I t+0200
14:45:06 HHC02204I CCW trace for 0:0200 set to on
14:45:06 HHC01603I ipl 0200
14:45:06 HHC01315I 0:0200 CHAN: ccw 02000000 60000018
14:45:06 HHC00518I 0:0200 FBA file /home/harold/SATKREPO/SATK/samples/iplelf/fba/s390x/iplelf.3310: read blkgrp 0 cache miss, using cache[0]
14:45:06 HHC00519I 0:0200 FBA file /home/harold/SATKREPO/SATK/samples/iplelf/fba/s390x/iplelf.3310: read blkgrp 0 offset 0 len 3072
14:45:06 HHC01312I 0:0200 CHAN: stat 0C00, count 0000=>00080000 80002080 020025D8 40000200 ...........Q ...
14:45:06 HHC01315I 0:0200 CHAN: ccw 020025D8 40000200
14:45:06 HHC01312I 0:0200 CHAN: stat 0C00, count 0000=>00080000 80002080 020025D8 40000200 ...........Q ...
14:45:06 HHC01315I 0:0200 CHAN: ccw 08002600 00000001
14:45:06 HHC01315I 0:0200 CHAN: ccw 430025F0 40000008=>06000002 00000004                   ........
14:45:06 HHC00520I 0:0200 FBA file /home/harold/SATKREPO/SATK/samples/iplelf/fba/s390x/iplelf.3310: positioning to 0x800 2048
14:45:06 HHC01312I 0:0200 CHAN: stat 0C00, count 0000
14:45:06 HHC01315I 0:0200 CHAN: ccw 42002000 40000400
14:45:06 HHC01312I 0:0200 CHAN: stat 0C00, count 0000=>7F454C46 02020100 00000000 00000000 ".<.............
14:45:06 HHC01315I 0:0200 CHAN: ccw 430025F8 40000008=>06000002 00000002                   ........
14:45:06 HHC00520I 0:0200 FBA file /home/harold/SATKREPO/SATK/samples/iplelf/fba/s390x/iplelf.3310: positioning to 0x400 1024
14:45:06 HHC01312I 0:0200 CHAN: stat 0C00, count 0000
14:45:06 HHC01315I 0:0200 CHAN: ccw 42000000 00000400
14:45:06 HHC01312I 0:0200 CHAN: stat 0C00, count 0000=>00080000 80002080 020025D8 40000200 ...........Q ...
14:45:06 HHC00811I Processor CP00: architecture mode ESA/390
14:45:06 PSW=0008000080002080 INST=0DF0         BASR  15,0                   branch_and_save_register
14:45:06 GR00=00000000 GR01=00000000 GR02=00000000 GR03=00000000
14:45:06 GR04=00000000 GR05=00000000 GR06=00000000 GR07=00000000
14:45:06 GR08=00000000 GR09=00000000 GR10=00000000 GR11=00000000
14:45:06 GR12=00000000 GR13=00000000 GR14=00000000 GR15=00000000
14:45:06 PSW=0008000080002082 INST=B212F01A     STAP  26(15)                 store_cpu_address
14:45:06 R:0000209C:K:06=00009825 F0328324 00081244 4780F02E  ..q.0.c.......0.
14:45:06 GR00=00000000 GR01=00000000 GR02=00000000 GR03=00000000
14:45:06 GR04=00000000 GR05=00000000 GR06=00000000 GR07=00000000
14:45:06 GR08=00000000 GR09=00000000 GR10=00000000 GR11=00000000
14:45:06 GR12=00000000 GR13=00000000 GR14=00000000 GR15=80002082
14:45:06 CR00=000000E0 CR01=00000000 CR02=00000000 CR03=00000000
14:45:06 CR04=00000000 CR05=00000000 CR06=00000000 CR07=00000000
14:45:06 CR08=00000000 CR09=00000000 CR10=00000000 CR11=00000000
14:45:06 CR12=00000000 CR13=00000000 CR14=C2000000 CR15=00000000
14:45:06 PSW=0008000080002086 INST=1BAA         SR    10,10                  subtract_register
14:45:06 GR00=00000000 GR01=00000000 GR02=00000000 GR03=00000000
14:45:06 GR04=00000000 GR05=00000000 GR06=00000000 GR07=00000000
14:45:06 GR08=00000000 GR09=00000000 GR10=00000000 GR11=00000000
14:45:06 GR12=00000000 GR13=00000000 GR14=00000000 GR15=80002082
14:45:06 PSW=0008000080002088 INST=41B00001     LA    11,1(0,0)              load_address
14:45:06 R:00000001:K:06=080000 80002080 020025D8 40000200 08 ..........Q ....
14:45:06 GR00=00000000 GR01=00000000 GR02=00000000 GR03=00000000
14:45:06 GR04=00000000 GR05=00000000 GR06=00000000 GR07=00000000
14:45:06 GR08=00000000 GR09=00000000 GR10=00000000 GR11=00000000
14:45:06 GR12=00000000 GR13=00000000 GR14=00000000 GR15=80002082
14:45:06 PSW=000800008000208C INST=48C0F01A     LH    12,26(0,15)            load_halfword
14:45:06 R:0000209C:K:06=00009825 F0328324 00081244 4780F02E  ..q.0.c.......0.
14:45:06 GR00=00000000 GR01=00000000 GR02=00000000 GR03=00000000
14:45:06 GR04=00000000 GR05=00000000 GR06=00000000 GR07=00000000
14:45:06 GR08=00000000 GR09=00000000 GR10=00000000 GR11=00000001
14:45:06 GR12=00000000 GR13=00000000 GR14=00000000 GR15=80002082
14:45:06 PSW=0008000080002090 INST=AEAC0012     SIGP  10,12,18(0)            signal_processor
14:45:06 R:00000012:K:06=2600 00000001 00000000 00000000 0000 ................
14:45:06 GR00=00000000 GR01=00000000 GR02=00000000 GR03=00000000
14:45:06 GR04=00000000 GR05=00000000 GR06=00000000 GR07=00000000
14:45:06 GR08=00000000 GR09=00000000 GR10=00000000 GR11=00000001
14:45:06 GR12=00000000 GR13=00000000 GR14=00000000 GR15=80002082
14:45:06 HHC00814I Processor CP00: SIGP Set architecture mode            (12) CP00, PARM 00000001: CC 0
14:45:06 HHC00811I Processor CP00: architecture mode z/Arch
14:45:06 PSW=0000000080000000 0000000000002094 INST=4780F01C     BC    8,28(0,15)             branch_on_condition
14:45:06 R:000000000000209E:K:06=9825 F0328324 00081244 4780F02E 8200 q.0.c.......0.b.
14:45:06 R0=0000000000000000 R1=0000000000000000 R2=0000000000000000 R3=0000000000000000
14:45:06 R4=0000000000000000 R5=0000000000000000 R6=0000000000000000 R7=0000000000000000
14:45:06 R8=0000000000000000 R9=0000000000000000 RA=0000000000000000 RB=0000000000000001
14:45:06 RC=0000000000000000 RD=0000000000000000 RE=0000000000000000 RF=0000000080002082
14:45:06 PSW=0000000080000000 000000000000209E INST=9825F032     LM    2,5,50(15)             load_multiple
14:45:06 R:00000000000020B4:K:06=000020C4 00000000 00000015 00000000  ...D............
14:45:06 R0=0000000000000000 R1=0000000000000000 R2=0000000000000000 R3=0000000000000000
14:45:06 R4=0000000000000000 R5=0000000000000000 R6=0000000000000000 R7=0000000000000000
14:45:06 R8=0000000000000000 R9=0000000000000000 RA=0000000000000000 RB=0000000000000001
14:45:06 RC=0000000000000000 RD=0000000000000000 RE=0000000000000000 RF=0000000080002082
14:45:06 PSW=0000000080000000 00000000000020A2 INST=83240008     DIAG  2,4,8(0)               diagnose
14:45:06 R:0000000000000008:K:06=020025D8 40000200 08002600 00000001  ...Q ...........
14:45:06 R0=0000000000000000 R1=0000000000000000 R2=00000000000020C4 R3=0000000000000000
14:45:06 R4=0000000000000015 R5=0000000000000000 R6=0000000000000000 R7=0000000000000000
14:45:06 R8=0000000000000000 R9=0000000000000000 RA=0000000000000000 RB=0000000000000001
14:45:06 RC=0000000000000000 RD=0000000000000000 RE=0000000000000000 RF=0000000080002082
14:45:06 Hello world
14:45:06 PSW=0000000080000000 00000000000020A6 INST=1244         LTR   4,4                    load_and_test_register
14:45:06 R0=0000000000000000 R1=0000000000000000 R2=00000000000020C4 R3=0000000000000000
14:45:06 R4=0000000000000000 R5=0000000000000000 R6=0000000000000000 R7=0000000000000000
14:45:06 R8=0000000000000000 R9=0000000000000000 RA=0000000000000000 RB=0000000000000001
14:45:06 RC=0000000000000000 RD=0000000000000000 RE=0000000000000000 RF=0000000080002082
14:45:06 PSW=0000000080000000 00000000000020A8 INST=4780F02E     BC    8,46(0,15)             branch_on_condition
14:45:06 R:00000000000020B0:K:06=8200F05E 000020C4 00000000 00000015  b.0;...D........
14:45:06 R0=0000000000000000 R1=0000000000000000 R2=00000000000020C4 R3=0000000000000000
14:45:06 R4=0000000000000000 R5=0000000000000000 R6=0000000000000000 R7=0000000000000000
14:45:06 R8=0000000000000000 R9=0000000000000000 RA=0000000000000000 RB=0000000000000001
14:45:06 RC=0000000000000000 RD=0000000000000000 RE=0000000000000000 RF=0000000080002082
14:45:06 PSW=0000000080000000 00000000000020B0 INST=8200F05E     LPSW  94(15)                 load_program_status_word
14:45:06 R:00000000000020E0:K:06=000A0000 00000000 000A0000 00000BAD  ...............[
14:45:06 R0=0000000000000000 R1=0000000000000000 R2=00000000000020C4 R3=0000000000000000
14:45:06 R4=0000000000000000 R5=0000000000000000 R6=0000000000000000 R7=0000000000000000
14:45:06 R8=0000000000000000 R9=0000000000000000 RA=0000000000000000 RB=0000000000000001
14:45:06 RC=0000000000000000 RD=0000000000000000 RE=0000000000000000 RF=0000000080002082
14:45:06 HHC00800I Processor CP00: loaded wait state PSW 000A000000000000 0000000000000000
14:45:06 HHC00809I Processor CP00: disabled wait state 0002000000000000 0000000000000000
14:45:08 HHC01603I r 300.FF
14:45:08 HHC02290I R:0000000000000300:K:06=00000000 00000000 00000000 00000000  ................
14:45:08 HHC02290I R:0000000000000310:K:06=00000000 00000000 00000000 00000000  ................
14:45:08 HHC02290I R:0000000000000320:K:06=00000000 00000000 00000000 00000000  ................
14:45:08 HHC02290I R:0000000000000330:K:06=00000000 00000000 00000000 00000000  ................
14:45:08 HHC02290I R:0000000000000340:K:06=00000000 00000000 00000000 00000000  ................
14:45:08 HHC02290I R:0000000000000350:K:06=00000000 00000000 00000000 00000000  ................
14:45:08 HHC02290I R:0000000000000360:K:06=00000000 00000000 00000000 00000000  ................
14:45:08 HHC02290I R:0000000000000370:K:06=00000000 00000000 00000000 00000000  ................
14:45:08 HHC02290I R:0000000000000380:K:06=00000000 00000000 00000000 00000000  ................
14:45:08 HHC02290I R:0000000000000390:K:06=00000000 00000000 00000000 00000000  ................
14:45:08 HHC02290I R:00000000000003A0:K:06=00000000 00000000 00000000 00000000  ................
14:45:08 HHC02290I R:00000000000003B0:K:06=00000000 00000000 00000000 00000000  ................
14:45:08 HHC02290I R:00000000000003C0:K:06=00000000 00000000 00000000 00000000  ................
14:45:08 HHC02290I R:00000000000003D0:K:06=00000000 00000000 00000000 00000000  ................
14:45:08 HHC02290I R:00000000000003E0:K:06=00000000 00000000 00000000 00000000  ................
14:45:08 HHC02290I R:00000000000003F0:K:06=00000000 00000000 00000000 00000000  ................
14:45:08 HHC01603I r 400.FF
14:45:08 HHC02290I R:0000000000000400:K:06=00000000 00000000 00000000 00000000  ................
14:45:08 HHC02290I R:0000000000000410:K:06=00000000 00000000 00000000 00000000  ................
14:45:08 HHC02290I R:0000000000000420:K:06=00000000 00000000 00000000 00000000  ................
14:45:08 HHC02290I R:0000000000000430:K:06=00000000 00000000 00000000 00000000  ................
14:45:08 HHC02290I R:0000000000000440:K:06=00000000 00000000 00000000 00000000  ................
14:45:08 HHC02290I R:0000000000000450:K:06=00000000 00000000 00000000 00000000  ................
14:45:08 HHC02290I R:0000000000000460:K:06=00000000 00000000 00000000 00000000  ................
14:45:08 HHC02290I R:0000000000000470:K:06=00000000 00000000 00000000 00000000  ................
14:45:08 HHC02290I R:0000000000000480:K:06=00000000 00000000 00000000 00000000  ................
14:45:08 HHC02290I R:0000000000000490:K:06=00000000 00000000 00000000 00000000  ................
14:45:08 HHC02290I R:00000000000004A0:K:06=00000000 00000000 00000000 00000000  ................
14:45:08 HHC02290I R:00000000000004B0:K:06=00000000 00000000 00000000 00000000  ................
14:45:08 HHC02290I R:00000000000004C0:K:06=00000000 00000000 00000000 00000000  ................
14:45:08 HHC02290I R:00000000000004D0:K:06=00000000 00000000 00000000 00000000  ................
14:45:08 HHC02290I R:00000000000004E0:K:06=00000000 00000000 00000000 00000000  ................
14:45:08 HHC02290I R:00000000000004F0:K:06=00000000 00000000 00000000 00000000  ................
14:45:08 HHC01603I r 500.FF
14:45:08 HHC02290I R:0000000000000500:K:06=00000000 00000000 00000000 00000000  ................
14:45:08 HHC02290I R:0000000000000510:K:06=00000000 00000000 00000000 00000000  ................
14:45:08 HHC02290I R:0000000000000520:K:06=00000000 00000000 00000000 00000000  ................
14:45:08 HHC02290I R:0000000000000530:K:06=00000000 00000000 00000000 00000000  ................
14:45:08 HHC02290I R:0000000000000540:K:06=00000000 00000000 00000000 00000000  ................
14:45:08 HHC02290I R:0000000000000550:K:06=00000000 00000000 00000000 00000000  ................
14:45:08 HHC02290I R:0000000000000560:K:06=00000000 00000000 00000000 00000000  ................
14:45:08 HHC02290I R:0000000000000570:K:06=00000000 00000000 00000000 00000000  ................
14:45:08 HHC02290I R:0000000000000580:K:06=00000000 00000000 00000000 00000000  ................
14:45:08 HHC02290I R:0000000000000590:K:06=00000000 00000000 00000000 00000000  ................
14:45:08 HHC02290I R:00000000000005A0:K:06=00000000 00000000 00000000 00000000  ................
14:45:08 HHC02290I R:00000000000005B0:K:06=00000000 00000000 00000000 00000000  ................
14:45:08 HHC02290I R:00000000000005C0:K:06=00000000 00000000 00000000 00000000  ................
14:45:08 HHC02290I R:00000000000005D0:K:06=00000000 00000000 00000000 00000000  ................
14:45:08 HHC02290I R:00000000000005E0:K:06=00000000 00000000 00000000 00000000  ................
14:45:08 HHC02290I R:00000000000005F0:K:06=00000000 00000000 00000000 00000000  ................
14:45:08 HHC01603I r 600.FF
14:45:08 HHC02290I R:0000000000000600:K:06=00000000 00000000 00000000 00000000  ................
14:45:08 HHC02290I R:0000000000000610:K:06=00000000 00000000 00000000 00000000  ................
14:45:08 HHC02290I R:0000000000000620:K:06=00000000 00000000 00000000 00000000  ................
14:45:08 HHC02290I R:0000000000000630:K:06=00000000 00000000 00000000 00000000  ................
14:45:08 HHC02290I R:0000000000000640:K:06=00000000 00000000 00000000 00000000  ................
14:45:08 HHC02290I R:0000000000000650:K:06=00000000 00000000 00000000 00000000  ................
14:45:08 HHC02290I R:0000000000000660:K:06=00000000 00000000 00000000 00000000  ................
14:45:08 HHC02290I R:0000000000000670:K:06=00000000 00000000 00000000 00000000  ................
14:45:08 HHC02290I R:0000000000000680:K:06=00000000 00000000 00000000 00000000  ................
14:45:08 HHC02290I R:0000000000000690:K:06=00000000 00000000 00000000 00000000  ................
14:45:08 HHC02290I R:00000000000006A0:K:06=00000000 00000000 00000000 00000000  ................
14:45:08 HHC02290I R:00000000000006B0:K:06=00000000 00000000 00000000 00000000  ................
14:45:08 HHC02290I R:00000000000006C0:K:06=00000000 00000000 00000000 00000000  ................
14:45:08 HHC02290I R:00000000000006D0:K:06=00000000 00000000 00000000 00000000  ................
14:45:08 HHC02290I R:00000000000006E0:K:06=00000000 00000000 00000000 00000000  ................
14:45:08 HHC02290I R:00000000000006F0:K:06=00000000 00000000 00000000 00000000  ................
14:45:08 HHC01603I r 2000.FF
14:45:08 HHC02290I R:0000000000002000:K:06=7F454C46 02020100 00000000 00000000  ".<.............
14:45:08 HHC02290I R:0000000000002010:K:06=00020016 00000001 00000000 00002080  ................
14:45:08 HHC02290I R:0000000000002020:K:06=00000000 00000040 00000000 00000118  ....... ........
14:45:08 HHC02290I R:0000000000002030:K:06=00000000 00400038 00010040 00060003  ..... ..... ....
14:45:08 HHC02290I R:0000000000002040:K:06=00000001 00000007 00000000 00000078  ................
14:45:08 HHC02290I R:0000000000002050:K:06=00000000 00002078 00000000 00002078  ................
14:45:08 HHC02290I R:0000000000002060:K:06=00000000 00000078 00000000 00000078  ................
14:45:08 HHC02290I R:0000000000002070:K:06=00000000 00001000 00000000 00000000  ................
14:45:08 HHC02290I R:0000000000002080:K:06=0DF0B212 F01A1BAA 41B00001 48C0F01A  .0..0........{0.
14:45:08 HHC02290I R:0000000000002090:K:06=AEAC0012 4780F01C 4DD0F066 00009825  ......0.(}0...q.
14:45:08 HHC02290I R:00000000000020A0:K:06=F0328324 00081244 4780F02E 8200F066  0.c.......0.b.0.
14:45:08 HHC02290I R:00000000000020B0:K:06=8200F05E 000020C4 00000000 00000015  b.0;...D........
14:45:08 HHC02290I R:00000000000020C0:K:06=00000000 D4E2C7D5 D6C84040 5C40C885  ....MSGNOH  * He
14:45:08 HHC02290I R:00000000000020D0:K:06=93939640 A6969993 84070707 07070707  llo world.......
14:45:08 HHC02290I R:00000000000020E0:K:06=000A0000 00000000 000A0000 00000BAD  ...............[
14:45:08 HHC02290I R:00000000000020F0:K:06=002E7379 6D746162 002E7374 72746162  ...`_./......./.
14:45:08 HHC01603I r 2100.FF
14:45:08 HHC02290I R:0000000000002100:K:06=002E7368 73747274 6162002E 72656C61  ......../.....%/
14:45:08 HHC02290I R:0000000000002110:K:06=2E746578 74000000 00000000 00000000  ................
14:45:08 HHC02290I R:0000000000002120:K:06=00000000 00000000 00000000 00000000  ................
14:45:08 HHC02290I R:0000000000002130:K:06=00000000 00000000 00000000 00000000  ................
14:45:08 HHC02290I R:0000000000002140:K:06=00000000 00000000 00000000 00000000  ................
14:45:08 HHC02290I R:0000000000002150:K:06=00000000 00000000 00000020 00000001  ................
14:45:08 HHC02290I R:0000000000002160:K:06=00000000 00000006 00000000 00002078  ................
14:45:08 HHC02290I R:0000000000002170:K:06=00000000 00000078 00000000 00000078  ................
14:45:08 HHC02290I R:0000000000002180:K:06=00000000 00000000 00000000 00000008  ................
14:45:08 HHC02290I R:0000000000002190:K:06=00000000 00000000 0000001B 00000004  ................
14:45:08 HHC02290I R:00000000000021A0:K:06=00000000 00000000 00000000 00000000  ................
14:45:08 HHC02290I R:00000000000021B0:K:06=00000000 00000298 00000000 00000018  .......q........
14:45:08 HHC02290I R:00000000000021C0:K:06=00000004 00000001 00000000 00000008  ................
14:45:08 HHC02290I R:00000000000021D0:K:06=00000000 00000018 00000011 00000003  ................
14:45:08 HHC02290I R:00000000000021E0:K:06=00000000 00000000 00000000 00000000  ................
14:45:08 HHC02290I R:00000000000021F0:K:06=00000000 000000F0 00000000 00000026  .......0........
14:45:08 HHC01603I r 2200.FF
14:45:08 HHC02290I R:0000000000002200:K:06=00000000 00000000 00000000 00000001  ................
14:45:08 HHC02290I R:0000000000002210:K:06=00000000 00000000 00000001 00000002  ................
14:45:08 HHC02290I R:0000000000002220:K:06=00000000 00000000 00000000 00000000  ................
14:45:08 HHC02290I R:0000000000002230:K:06=00000000 000002B0 00000000 000000C0  ...............{
14:45:08 HHC02290I R:0000000000002240:K:06=00000005 00000007 00000000 00000008  ................
14:45:08 HHC02290I R:0000000000002250:K:06=00000000 00000018 00000009 00000003  ................
14:45:08 HHC02290I R:0000000000002260:K:06=00000000 00000000 00000000 00000000  ................
14:45:08 HHC02290I R:0000000000002270:K:06=00000000 00000370 00000000 00000066  ................
14:45:08 HHC02290I R:0000000000002280:K:06=00000000 00000000 00000000 00000001  ................
14:45:08 HHC02290I R:0000000000002290:K:06=00000000 00000000 00000000 000020B4  ................
14:45:08 HHC02290I R:00000000000022A0:K:06=00000001 00000004 00000000 0000004C  ...............<
14:45:08 HHC02290I R:00000000000022B0:K:06=00000000 00000000 00000000 00000000  ................
14:45:08 HHC02290I R:00000000000022C0:K:06=00000000 00000000 00000000 03000001  ................
14:45:08 HHC02290I R:00000000000022D0:K:06=00000000 00002078 00000000 00000000  ................
14:45:08 HHC02290I R:00000000000022E0:K:06=00000001 0400FFF1 00000000 00000000  .......1........
14:45:08 HHC02290I R:00000000000022F0:K:06=00000000 00000000 00000044 0000FFF1  ...............1
14:45:08 HHC01603I r 2300.FF
14:45:08 HHC02290I R:0000000000002300:K:06=00000000 00000001 00000000 00000000  ................
14:45:08 HHC02290I R:0000000000002310:K:06=0000004E 0000FFF1 00000000 00000003  ...+...1........
14:45:08 HHC02290I R:0000000000002320:K:06=00000000 00000000 00000057 0000FFF1  ...............1
14:45:08 HHC02290I R:0000000000002330:K:06=00000000 00000001 00000000 00000000  ................
14:45:08 HHC02290I R:0000000000002340:K:06=00000000 0400FFF1 00000000 00000000  .......1........
14:45:08 HHC02290I R:0000000000002350:K:06=00000000 00000000 0000005F 10000001  ...........^....
14:45:08 HHC02290I R:0000000000002360:K:06=00000000 00002080 00000000 00000000  ................
14:45:08 HHC02290I R:0000000000002370:K:06=002F686F 6D652F68 61726F6C 642F5341  ...?_.../.?%....
14:45:08 HHC02290I R:0000000000002380:K:06=544B5245 504F2F53 41544B2F 73616D70  ....&......../_.
14:45:08 HHC02290I R:0000000000002390:K:06=6C65732F 69706C65 6C662F66 62612F73  %.....%.%..../..
14:45:08 HHC02290I R:00000000000023A0:K:06=33393078 2F627569 6C642F69 706C656C  ........%....%.%
14:45:08 HHC02290I R:00000000000023B0:K:06=662E6F00 5F5F7333 3930785F 5F005F5F  ..?.^^.....^^.^^
14:45:08 HHC02290I R:00000000000023C0:K:06=41524348 5F5F005F 5F464241 5F5F005F  ....^^.^^...^^.^
14:45:08 HHC02290I R:00000000000023D0:K:06=73746172 74000000 00000000 00000000  ../.............
14:45:08 HHC02290I R:00000000000023E0:K:06=00000000 00000000 00000000 00000000  ................
14:45:08 HHC02290I R:00000000000023F0:K:06=00000000 00000000 00000000 00000000  ................
14:45:08 HHC01603I r 2400.FF
14:45:08 HHC02290I R:0000000000002400:K:06=00000000 00000000 00000000 00000000  ................
14:45:08 HHC02290I R:0000000000002410:K:06=00000000 00000000 00000000 00000000  ................
14:45:08 HHC02290I R:0000000000002420:K:06=00000000 00000000 00000000 00000000  ................
14:45:08 HHC02290I R:0000000000002430:K:06=00000000 00000000 00000000 00000000  ................
14:45:08 HHC02290I R:0000000000002440:K:06=00000000 00000000 00000000 00000000  ................
14:45:08 HHC02290I R:0000000000002450:K:06=00000000 00000000 00000000 00000000  ................
14:45:08 HHC02290I R:0000000000002460:K:06=00000000 00000000 00000000 00000000  ................
14:45:08 HHC02290I R:0000000000002470:K:06=00000000 00000000 00000000 00000000  ................
14:45:08 HHC02290I R:0000000000002480:K:06=00000000 00000000 00000000 00000000  ................
14:45:08 HHC02290I R:0000000000002490:K:06=00000000 00000000 00000000 00000000  ................
14:45:08 HHC02290I R:00000000000024A0:K:06=00000000 00000000 00000000 00000000  ................
14:45:08 HHC02290I R:00000000000024B0:K:06=00000000 00000000 00000000 00000000  ................
14:45:08 HHC02290I R:00000000000024C0:K:06=00000000 00000000 00000000 00000000  ................
14:45:08 HHC02290I R:00000000000024D0:K:06=00000000 00000000 00000000 00000000  ................
14:45:08 HHC02290I R:00000000000024E0:K:06=00000000 00000000 00000000 00000000  ................
14:45:08 HHC02290I R:00000000000024F0:K:06=00000000 00000000 00000000 00000000  ................
14:45:08 HHC01603I r 2500.FF
14:45:08 HHC02290I R:0000000000002500:K:06=00000000 00000000 00000000 00000000  ................
14:45:08 HHC02290I R:0000000000002510:K:06=00000000 00000000 00000000 00000000  ................
14:45:08 HHC02290I R:0000000000002520:K:06=00000000 00000000 00000000 00000000  ................
14:45:08 HHC02290I R:0000000000002530:K:06=00000000 00000000 00000000 00000000  ................
14:45:08 HHC02290I R:0000000000002540:K:06=00000000 00000000 00000000 00000000  ................
14:45:08 HHC02290I R:0000000000002550:K:06=00000000 00000000 00000000 00000000  ................
14:45:08 HHC02290I R:0000000000002560:K:06=00000000 00000000 00000000 00000000  ................
14:45:08 HHC02290I R:0000000000002570:K:06=00000000 00000000 00000000 00000000  ................
14:45:08 HHC02290I R:0000000000002580:K:06=00000000 00000000 00000000 00000000  ................
14:45:08 HHC02290I R:0000000000002590:K:06=00000000 00000000 00000000 00000000  ................
14:45:08 HHC02290I R:00000000000025A0:K:06=00000000 00000000 00000000 00000000  ................
14:45:08 HHC02290I R:00000000000025B0:K:06=00000000 00000000 00000000 00000000  ................
14:45:08 HHC02290I R:00000000000025C0:K:06=00000000 00000000 00000000 00000000  ................
14:45:08 HHC02290I R:00000000000025D0:K:06=00000000 00000000 00080000 80002080  ................
14:45:08 HHC02290I R:00000000000025E0:K:06=020025D8 40000200 08002600 00000001  ...Q ...........
14:45:08 HHC02290I R:00000000000025F0:K:06=06000002 00000004 06000002 00000002  ................
14:45:08 HHC01603I r 2600.FF
14:45:08 HHC02290I R:0000000000002600:K:06=430025F0 40000008 42002000 40000400  ...0 ....... ...
14:45:08 HHC02290I R:0000000000002610:K:06=430025F8 40000008 42000000 00000400  ...8 ...........
14:45:08 HHC02290I R:0000000000002620:K:06=00000000 00000000 00000000 00000000  ................
14:45:08 HHC02290I R:0000000000002630:K:06=00000000 00000000 00000000 00000000  ................
14:45:08 HHC02290I R:0000000000002640:K:06=00000000 00000000 00000000 00000000  ................
14:45:08 HHC02290I R:0000000000002650:K:06=00000000 00000000 00000000 00000000  ................
14:45:08 HHC02290I R:0000000000002660:K:06=00000000 00000000 00000000 00000000  ................
14:45:08 HHC02290I R:0000000000002670:K:06=00000000 00000000 00000000 00000000  ................
14:45:08 HHC02290I R:0000000000002680:K:06=00000000 00000000 00000000 00000000  ................
14:45:08 HHC02290I R:0000000000002690:K:06=00000000 00000000 00000000 00000000  ................
14:45:08 HHC02290I R:00000000000026A0:K:06=00000000 00000000 00000000 00000000  ................
14:45:08 HHC02290I R:00000000000026B0:K:06=00000000 00000000 00000000 00000000  ................
14:45:08 HHC02290I R:00000000000026C0:K:06=00000000 00000000 00000000 00000000  ................
14:45:08 HHC02290I R:00000000000026D0:K:06=00000000 00000000 00000000 00000000  ................
14:45:08 HHC02290I R:00000000000026E0:K:06=00000000 00000000 00000000 00000000  ................
14:45:08 HHC02290I R:00000000000026F0:K:06=00000000 00000000 00000000 00000000  ................
14:45:08 HHC02264I Script 1: file /home/harold/SATKREPO/SATK/samples/iplelf/fba/s390x/s390x.rc processing ended
14:45:11 HHC01603I quit
14:45:11 HHC01420I Begin Hercules shutdown
14:45:11 HHC01423I Calling termination routines
14:45:11 HHC00101I Thread id 7F33BB6E2950, prio  0, name Timer ended
14:45:11 HHC02272I Highest observed MIPS and IO/s rates
14:45:11 HHC02272I   from Sun Jun 16 00:00:00 2013
14:45:11 HHC02272I     to Sun Jun 16 14:45:11 2013
14:45:11 HHC02272I   MIPS: 0.00  IO/s: 0
14:45:11 HHC00101I Thread id 7F33BB7E3950, prio 15, name Processor CP00 ended
14:45:11 HHC01465I 0:001F subchannel 0:0000 detached
14:45:11 HHC01465I 0:0200 subchannel 0:0001 detached
14:45:11 HHC01427I Main storage released
14:45:11 HHC01427I Expanded storage released
14:45:11 HHC01422I Configuration released
14:45:11 HHC01424I All termination routines complete
14:45:11 HHC02103I Logger: logger thread terminating
